[u'C00086', u'C00086', u'C00086', u'C00086', u'C00086', u'C00086']
WRITE
WRITE
WRITE
WRITE
Find GENE
Find GENE
Find GENE
Find GENE
Find GENE
Find GENE
Find GENE
[]
WRITE
WRITE
WRITE
WRITE
[u'C05670', u'C05670']
WRITE
WRITE
WRITE
WRITE
[]
WRITE
WRITE
WRITE
WRITE
[]
WRITE
WRITE
WRITE
WRITE
[u'C00986', u'C00986', u'C00986']
WRITE
WRITE
WRITE
WRITE
WRITE
Find GENE
Find GENE
Find GENE
Find GENE
[u'C00037', u'C00037', u'C00037', u'C00037', u'C00037', u'C00037', u'C00037', u'C00037', u'C00037', u'C00037', u'C00037', u'C00037', u'C00037', u'C00037', u'C00037']
WRITE
WRITE
WRITE
WRITE
Find GENE
Find GENE
Find GENE
Find GENE
Find GENE
Find GENE
Find GENE
Find GENE
Find GENE
Find GENE
Find GENE
Find GENE
Find GENE
Find GENE
Find GENE
Find GENE
[]
WRITE
WRITE
WRITE
WRITE
[]
WRITE
WRITE
WRITE
WRITE
[]
WRITE
WRITE
WRITE
WRITE
[]
WRITE
WRITE
WRITE
WRITE
[u'C01678']
WRITE
WRITE
WRITE
WRITE
[]
WRITE
WRITE
WRITE
WRITE
[u'C00134', u'C00134', u'C00134', u'C00134']
WRITE
WRITE
WRITE
WRITE
WRITE
Find GENE
Find GENE
Find GENE
Find GENE
Find GENE
[u'C00041', u'C00041', u'C00041', u'C00041', u'C00041', u'C00041', u'C00041', u'C00041', u'C00041']
WRITE
WRITE
WRITE
WRITE
[u'C00213', u'C00213']
WRITE
WRITE
WRITE
WRITE
Find GENE
Find GENE
Find GENE
[u'C00099', u'C00099', u'C00099', u'C00099', u'C00099', u'C00099']
WRITE
WRITE
WRITE
WRITE
Find GENE
Find GENE
Find GENE
Find GENE
Find GENE
Find GENE
Find GENE
[]
WRITE
WRITE
WRITE
WRITE
WRITE
[]
WRITE
WRITE
WRITE
WRITE
[]
WRITE
WRITE
WRITE
WRITE
[]
WRITE
WRITE
WRITE
WRITE
[]
WRITE
WRITE
WRITE
WRITE
[u'C01234', u'C01234']
WRITE
WRITE
WRITE
WRITE
Find GENE
Find GENE
Find GENE
[u'C00576']
WRITE
WRITE
WRITE
WRITE
Find GENE
Find GENE
[u'C00750', u'C00750', u'C00750', u'C00750']
WRITE
WRITE
WRITE
WRITE
Find GENE
Find GENE
Find GENE
Find GENE
Find GENE
[]
WRITE
WRITE
WRITE
WRITE
[u'C01672', u'C01672', u'C01672']
WRITE
WRITE
WRITE
WRITE
Find GENE
Find GENE
Find GENE
Find GENE
[u'C00334', u'C00334', u'C00334', u'C00334', u'C00334', u'C00334', u'C00334', u'C00334', u'C00334', u'C00334', u'C00334']
WRITE
WRITE
WRITE
WRITE
Find GENE
Find GENE
Find GENE
Find GENE
Find GENE
Find GENE
Find GENE
Find GENE
Find GENE
Find GENE
Find GENE
Find GENE
[]
WRITE
WRITE
WRITE
WRITE
[u'C01026']
WRITE
WRITE
WRITE
WRITE
WRITE
Find GENE
Find GENE
[u'C05145']
WRITE
WRITE
WRITE
WRITE
[]
WRITE
WRITE
WRITE
WRITE
[u'C00114', u'C00114', u'C00114', u'C00114', u'C00114']
WRITE
WRITE
WRITE
WRITE
Find GENE
Find GENE
Find GENE
Find GENE
Find GENE
Find GENE
[]
WRITE
WRITE
WRITE
WRITE
WRITE
[u'C00065', u'C00065', u'C00065', u'C00065', u'C00065', u'C00065', u'C00065', u'C00065', u'C00065', u'C00065']
WRITE
WRITE
WRITE
WRITE
Find GENE
Find GENE
Find GENE
Find GENE
Find GENE
Find GENE
Find GENE
Find GENE
Find GENE
Find GENE
Find GENE
[u'C06772']
WRITE
WRITE
WRITE
WRITE
[]
WRITE
WRITE
WRITE
WRITE
[u'C00519']
WRITE
WRITE
WRITE
WRITE
[u'C01987']
WRITE
WRITE
WRITE
WRITE
Find GENE
Find GENE
[u'C00380']
WRITE
WRITE
WRITE
WRITE
[u'C00388', u'C00388', u'C00388', u'C00388', u'C00388', u'C00388', u'C00388']
WRITE
WRITE
WRITE
WRITE
Find GENE
Find GENE
Find GENE
Find GENE
Find GENE
Find GENE
Find GENE
Find GENE
[u'C00106', u'C00106', u'C00106']
WRITE
WRITE
WRITE
WRITE
[u'C00386', u'C00386']
WRITE
WRITE
WRITE
WRITE
Find GENE
Find GENE
Find GENE
[u'C00791']
WRITE
WRITE
WRITE
WRITE
[u'C00429', u'C00429', u'C00429']
WRITE
WRITE
WRITE
WRITE
[u'C02512']
WRITE
WRITE
WRITE
WRITE
[]
WRITE
WRITE
WRITE
WRITE
[u'C00148', u'C00148', u'C00148', u'C00148', u'C00148']
WRITE
WRITE
WRITE
WRITE
[u'C00581', u'C00581']
WRITE
WRITE
WRITE
WRITE
Find GENE
Find GENE
Find GENE
[u'C00183', u'C00183', u'C00183', u'C00183', u'C00183', u'C00183', u'C00183', u'C00183', u'C00183']
WRITE
WRITE
WRITE
WRITE
Find GENE
Find GENE
Find GENE
Find GENE
Find GENE
Find GENE
Find GENE
Find GENE
Find GENE
Find GENE
[u'C00431', u'C00431']
WRITE
WRITE
WRITE
WRITE
Find GENE
Find GENE
Find GENE
[u'C00719', u'C00719']
WRITE
WRITE
WRITE
WRITE
Find GENE
Find GENE
Find GENE
[]
WRITE
WRITE
WRITE
WRITE
[u'C03283']
WRITE
WRITE
WRITE
WRITE
WRITE
Find GENE
Find GENE
[u'C00188', u'C00188', u'C00188', u'C00188', u'C0018[u'C00086', u'C00086', u'C00086', u'C00086', u'C00086', u'C00086']
Find GENE
Find GENE
Find GENE
Find GENE
Find GENE
Find GENE
Find GENE
[]
[u'C05670', u'C05670']
[]
[]
[u'C00986', u'C00986', u'C00986']
Find GENE
Find GENE
Find GENE
Find GENE
[u'C00037', u'C00037', u'C00037', u'C00037', u'C00037', u'C00037', u'C00037', u'C00037', u'C00037', u'C00037', u'C00037', u'C00037', u'C00037', u'C00037', u'C00037']
Find GENE
Find GENE
Find GENE
Find GENE
Find GENE
Find GENE
Find GENE
Find GENE
Find GENE
Find GENE
Find GENE
Find GENE
Find GENE
Find GENE
Find GENE
Find GENE
[]
[]
[]
[]
[u'C01678']
[]
[u'C00134', u'C00134', u'C00134', u'C00134']
Find GENE
Find GENE
Find GENE
Find GENE
Find GENE
[u'C00041', u'C00041', u'C00041', u'C00041', u'C00041', u'C00041', u'C00041', u'C00041', u'C00041']
[u'C00213', u'C00213']
Find GENE
Find GENE
Find GENE
[u'C00099', u'C00099', u'C00099', u'C00099', u'C00099', u'C00099']
Find GENE
Find GENE
Find GENE
Find GENE
Find GENE
Find GENE
Find GENE
[]
[]
[]
[]
[]
[u'C01234', u'C01234']
Find GENE
Find GENE
Find GENE
[u'C00576']
Find GENE
Find GENE
[u'C00750', u'C00750', u'C00750', u'C00750']
Find GENE
Find GENE
Find GENE
Find GENE
Find GENE
[]
[u'C01672', u'C01672', u'C01672']
Find GENE
Find GENE
Find GENE
Find GENE
[u'C00334', u'C00334', u'C00334', u'C00334', u'C00334', u'C00334', u'C00334', u'C00334', u'C00334', u'C00334', u'C00334']
Find GENE
Find GENE
Find GENE
Find GENE
Find GENE
Find GENE
Find GENE
Find GENE
Find GENE
Find GENE
Find GENE
Find GENE
[]
[u'C01026']
Find GENE
Find GENE
[u'C05145']
[]
[u'C00114', u'C00114', u'C00114', u'C00114', u'C00114']
Find GENE
Find GENE
Find GENE
Find GENE
Find GENE
Find GENE
[]
[u'C00065', u'C00065', u'C00065', u'C00065', u'C00065', u'C00065', u'C00065', u'C00065', u'C00065', u'C00065']
Find GENE
Find GENE
Find GENE
Find GENE
Find GENE
Find GENE
Find GENE
Find GENE
Find GENE
Find GENE
Find GENE
[u'C06772']
[]
[u'C00519']
[u'C01987']
Find GENE
Find GENE
[u'C00380']
[u'C00388', u'C00388', u'C00388', u'C00388', u'C00388', u'C00388', u'C00388']
Find GENE
Find GENE
Find GENE
Find GENE
Find GENE
Find GENE
Find GENE
Find GENE
[u'C00106', u'C00106', u'C00106']
[u'C00386', u'C00386']
Find GENE
Find GENE
Find GENE
[u'C00791']
[u'C00429', u'C00429', u'C00429']
[u'C02512']
[]
[u'C00148', u'C00148', u'C00148', u'C00148', u'C00148']
[u'C00581', u'C00581']
Find GENE
Find GENE
Find GENE
[u'C00183', u'C00183', u'C00183', u'C00183', u'C00183', u'C00183', u'C00183', u'C00183', u'C00183']
Find GENE
Find GENE
Find GENE
Find GENE
Find GENE
Find GENE
Find GENE
Find GENE
Find GENE
Find GENE
[u'C00431', u'C00431']
Find GENE
Find GENE
Find GENE
[u'C00719', u'C00719']
Find GENE
Find GENE
Find GENE
[]
[u'C03283']
Find GENE
Find GENE
[u'C00188', u'C00188', u'C00188', u'C00188', u'C00188', u'C00188', u'C00188']
Find GENE
Find GENE
Find GENE
Find GENE
Find GENE
Find GENE
Find GENE
Find GENE
[]
[u'C00263', u'C00263', u'C00263', u'C00263']
Find GENE
Find GENE
Find GENE
Find GENE
Find GENE
[]
[]
[]
[u'C00097', u'C00097', u'C00097', u'C00097', u'C00097', u'C00097', u'C00097', u'C00097', u'C00097', u'C00097']
Find GENE
Find GENE
Find GENE
Find GENE
Find GENE
Find GENE
Find GENE
Find GENE
Find GENE
Find GENE
Find GENE
[]
[]
[u'C05332']
[]
[]
[]
[u'C00153', u'C00153']
[]
[u'C00245', u'C00245', u'C00245', u'C00245', u'C00245']
[u'C02376']
[u'C05127']
Find GENE
Find GENE
[u'C00178']
[u'C02835']
Find GENE
Find GENE
[]
[u'C01879']
Find GENE
Find GENE
[]
[u'C00408']
Find GENE
Find GENE
[u'C07151']
[]
[u'C02714']
[u'C00179']
[]
[u'C00430', u'C00430', u'C00430']
Find GENE
Find GENE
Find GENE
Find GENE
[u'C00300', u'C00300']
Find GENE
Find GENE
Find GENE
[]
[u'C00407', u'C00407', u'C00407', u'C00407', u'C00407', u'C00407', u'C00407']
Find GENE
Find GENE
Find GENE
Find GENE
Find GENE
Find GENE
Find GENE
Find GENE
[u'C00123', u'C00123', u'C00123', u'C00123', u'C00123', u'C00123']
Find GENE
Find GENE
Find GENE
Find GENE
Find GENE
Find GENE
Find GENE
[u'C02486']
Find GENE
Find GENE
[u'C03375']
[]
[u'C00152', u'C00152', u'C00152', u'C00152', u'C00152']
[u'C00077', u'C00077', u'C00077', u'C00077']
Find GENE
Find G[u'C00086', u'C00086', u'C00086', u'C00086', u'C00086', u'C00086']
Find GENE
Find GENE
Find GENE
Find GENE
Find GENE
Find GENE
Find GENE
[]
[u'C05670', u'C05670']
[]
[]
[u'C00986', u'C00986', u'C00986']
Find GENE
Find GENE
Find GENE
Find GENE
[u'C00037', u'C00037', u'C00037', u'C00037', u'C00037', u'C00037', u'C00037', u'C00037', u'C00037', u'C00037', u'C00037', u'C00037', u'C00037', u'C00037', u'C00037']
Find GENE
Find GENE
Find GENE
Find GENE
Find GENE
Find GENE
Find GENE
Find GENE
Find GENE
Find GENE
Find GENE
Find GENE
Find GENE
Find GENE
Find GENE
Find GENE
[]
[]
[]
[]
[u'C01678']
[]
[u'C00134', u'C00134', u'C00134', u'C00134']
Find GENE
Find GENE
Find GENE
Find GENE
Find GENE
[u'C00041', u'C00041', u'C00041', u'C00041', u'C00041', u'C00041', u'C00041', u'C00041', u'C00041']
[u'C00213', u'C00213']
Find GENE
Find GENE
Find GENE
[u'C00099', u'C00099', u'C00099', u'C00099', u'C00099', u'C00099']
Find GENE
Find GENE
Find GENE
Find GENE
Find GENE
Find GENE
Find GENE
[]
[]
[]
[]
[]
[u'C01234', u'C01234']
Find GENE
Find GENE
Find GENE
[u'C00576']
Find GENE
Find GENE
[u'C00750', u'C00750', u'C00750', u'C00750']
Find GENE
Find GENE
Find GENE
Find GENE
Find GENE
[]
[u'C01672', u'C01672', u'C01672']
Find GENE
Find GENE
Find GENE
Find GENE
[u'C00334', u'C00334', u'C00334', u'C00334', u'C00334', u'C00334', u'C00334', u'C00334', u'C00334', u'C00334', u'C00334']
Find GENE
Find GENE
Find GENE
Find GENE
Find GENE
Find GENE
Find GENE
Find GENE
Find GENE
Find GENE
Find GENE
Find GENE
[]
[u'C01026']
Find GENE
Find GENE
[u'C05145']
[]
[u'C00114', u'C00114', u'C00114', u'C00114', u'C00114']
Find GENE
Find GENE
Find GENE
Find GENE
Find GENE
Find GENE
[]
[u'C00065', u'C00065', u'C00065', u'C00065', u'C00065', u'C00065', u'C00065', u'C00065', u'C00065', u'C00065']
Find GENE
Find GENE
Find GENE
Find GENE
Find GENE
Find GENE
Find GENE
Find GENE
Find GENE
Find GENE
Find GENE
[u'C06772']
[]
[u'C00519']
[u'C01987']
Find GENE
Find GENE
[u'C00380']
[u'C00388', u'C00388', u'C00388', u'C00388', u'C00388', u'C00388', u'C00388']
Find GENE
Find GENE
Find GENE
Find GENE
Find GENE
Find GENE
Find GENE
Find GENE
[u'C00106', u'C00106', u'C00106']
[u'C00386', u'C00386']
Find GENE
Find GENE
Find GENE
[u'C00791']
[u'C00429', u'C00429', u'C00429']
[u'C02512']
[]
[u'C00148', u'C00148', u'C00148', u'C00148', u'C00148']
[u'C00581', u'C00581']
Find GENE
Find GENE
Find GENE
[u'C00183', u'C00183', u'C00183', u'C00183', u'C00183', u'C00183', u'C00183', u'C00183', u'C00183']
Find GENE
Find GENE
Find GENE
Find GENE
Find GENE
Find GENE
Find GENE
Find GENE
Find GENE
Find GENE
[u'C00431', u'C00431']
Find GENE
Find GENE
Find GENE
[u'C00719', u'C00719']
Find GENE
Find GENE
Find GENE
[]
[u'C03283']
Find GENE
Find GENE
[u'C00188', u'C00188', u'C00188', u'C00188', u'C00188', u'C00188', u'C00188']
Find GENE
Find GENE
Find GENE
Find GENE
Find GENE
Find GENE
Find GENE
Find GENE
[]
[u'C00263', u'C00263', u'C00263', u'C00263']
Find GENE
Find GENE
Find GENE
Find GENE
Find GENE
[]
[]
[]
[u'C00097', u'C00097', u'C00097', u'C00097', u'C00097', u'C00097', u'C00097', u'C00097', u'C00097', u'C00097']
Find GENE
Find GENE
Find GENE
Find GENE
Find GENE
Find GENE
Find GENE
Find GENE
Find GENE
Find GENE
Find GENE
[]
[]
[u'C05332']
[]
[]
[]
[u'C00153', u'C00153']
[]
[u'C00245', u'C00245', u'C00245', u'C00245', u'C00245']
[u'C02376']
[u'C05127']
Find GENE
Find GENE
[u'C00178']
[u'C02835']
Find GENE
Find GENE
[]
[u'C01879']
Find GENE
Find GENE
[]
[u'C00408']
Find GENE
Find GENE
[u'C07151']
[]
[u'C02714']
[u'C00179']
[]
[u'C00430', u'C00430', u'C00430']
Find GENE
Find GENE
Find GENE
Find GENE
[u'C00300', u'C00300']
Find GENE
Find GENE
Find GENE
[]
[u'C00407', u'C00407', u'C00407', u'C00407', u'C00407', u'C00407', u'C00407']
Find GENE
Find GENE
Find GENE
Find GENE
Find GENE
Find GENE
Find GENE
Find GENE
[u'C00123', u'C00123', u'C00123', u'C00123', u'C00123', u'C00123']
Find GENE
Find GENE
Find GENE
Find GENE
Find GENE
Find GENE
Find GENE
[u'C02486']
Find GENE
Find GENE
[u'C03375']
[]
[u'C00152', u'C00152', u'C00152', u'C00152', u'C00152']
[u'C00077', u'C00077', u'C00077', u'C00077']
Find GENE
Find G[u'C00086', u'C00086', u'C00086', u'C00086', u'C00086', u'C00086']
Find GENE
Find GENE
Find GENE
Find GENE
Find GENE
Find GENE
Find GENE
[]
[u'C05670', u'C05670']
[]
[]
[u'C00986', u'C00986', u'C00986']
Find GENE
Find GENE
Find GENE
Find GENE
[u'C00037', u'C00037', u'C00037', u'C00037', u'C00037', u'C00037', u'C00037', u'C00037', u'C00037', u'C00037', u'C00037', u'C00037', u'C00037', u'C00037', u'C00037']
Find GENE
Find GENE
Find GENE
Find GENE
Find GENE
Find GENE
Find GENE
Find GENE
Find GENE
Find GENE
Find GENE
Find GENE
Find GENE
Find GENE
Find GENE
Find GENE
[]
[]
[]
[]
[u'C01678']
[]
[u'C00134', u'C00134', u'C00134', u'C00134']
Find GENE
Find GENE
Find GENE
Find GENE
Find GENE
[u'C00041', u'C00041', u'C00041', u'C00041', u'C00041', u'C00041', u'C00041', u'C00041', u'C00041']
[u'C00213', u'C00213']
Find GENE
Find GENE
Find GENE
[u'C00099', u'C00099', u'C00099', u'C00099', u'C00099', u'C00099']
Find GENE
Find GENE
Find GENE
Find GENE
Find GENE
Find GENE
Find GENE
[]
[]
[]
[]
[]
[u'C01234', u'C01234']
Find GENE
Find GENE
Find GENE
[u'C00576']
Find GENE
Find GENE
[u'C00750', u'C00750', u'C00750', u'C00750']
Find GENE
Find GENE
Find GENE
Find GENE
Find GENE
[]
[u'C01672', u'C01672', u'C01672']
Find GENE
Find GENE
Find GENE
Find GENE
[u'C00334', u'C00334', u'C00334', u'C00334', u'C00334', u'C00334', u'C00334', u'C00334', u'C00334', u'C00334', u'C00334']
Find GENE
Find GENE
Find GENE
Find GENE
Find GENE
Find GENE
Find GENE
Find GENE
Find GENE
Find GENE
Find GENE
Find GENE
[]
[u'C01026']
Find GENE
Find GENE
[u'C05145']
[]
[u'C00114', u'C00114', u'C00114', u'C00114', u'C00114']
Find GENE
Find GENE
Find GENE
Find GENE
Find GENE
Find GENE
[]
[u'C00065', u'C00065', u'C00065', u'C00065', u'C00065', u'C00065', u'C00065', u'C00065', u'C00065', u'C00065']
Find GENE
Find GENE
Find GENE
Find GENE
Find GENE
Find GENE
Find GENE
Find GENE
Find GENE
Find GENE
Find GENE
[u'C06772']
[]
[u'C00519']
[u'C01987']
Find GENE
Find GENE
[u'C00380']
[u'C00388', u'C00388', u'C00388', u'C00388', u'C00388', u'C00388', u'C00388']
Find GENE
Find GENE
Find GENE
Find GENE
Find GENE
Find GENE
Find GENE
Find GENE
[u'C00106', u'C00106', u'C00106']
[u'C00386', u'C00386']
Find GENE
Find GENE
Find GENE
[u'C00791']
[u'C00429', u'C00429', u'C00429']
[u'C02512']
[]
[u'C00148', u'C00148', u'C00148', u'C00148', u'C00148']
[u'C00581', u'C00581']
Find GENE
Find GENE
Find GENE
[u'C00183', u'C00183', u'C00183', u'C00183', u'C00183', u'C00183', u'C00183', u'C00183', u'C00183']
Find GENE
Find GENE
Find GENE
Find GENE
Find GENE
Find GENE
Find GENE
Find GENE
Find GENE
Find GENE
[u'C00431', u'C00431']
Find GENE
Find GENE
Find GENE
[u'C00719', u'C00719']
Find GENE
Find GENE
Find GENE
[]
[u'C03283']
Find GENE
Find GENE
[u'C00188', u'C00188', u'C00188', u'C00188', u'C00188', u'C00188', u'C00188']
Find GENE
Find GENE
Find GENE
Find GENE
Find GENE
Find GENE
Find GENE
Find GENE
[]
[u'C00263', u'C00263', u'C00263', u'C00263']
Find GENE
Find GENE
Find GENE
Find GENE
Find GENE
[]
[]
[]
[u'C00097', u'C00097', u'C00097', u'C00097', u'C00097', u'C00097', u'C00097', u'C00097', u'C00097', u'C00097']
Find GENE
Find GENE
Find GENE
Find GENE
Find GENE
Find GENE
Find GENE
Find GENE
Find GENE
Find GENE
Find GENE
[]
[]
[u'C05332']
[]
[]
[]
[u'C00153', u'C00153']
[]
[u'C00245', u'C00245', u'C00245', u'C00245', u'C00245']
[u'C02376']
[u'C05127']
Find GENE
Find GENE
[u'C00178']
[u'C02835']
Find GENE
Find GENE
[]
[u'C01879']
Find GENE
Find GENE
[]
[u'C00408']
Find GENE
Find GENE
[u'C07151']
[]
[u'C02714']
[u'C00179']
[]
[u'C00430', u'C00430', u'C00430']
Find GENE
Find GENE
Find GENE
Find GENE
[u'C00300', u'C00300']
Find GENE
Find GENE
Find GENE
[]
[u'C00407', u'C00407', u'C00407', u'C00407', u'C00407', u'C00407', u'C00407']
Find GENE
Find GENE
Find GENE
Find GENE
Find GENE
Find GENE
Find GENE
Find GENE
[u'C00123', u'C00123', u'C00123', u'C00123', u'C00123', u'C00123']
Find GENE
Find GENE
Find GENE
Find GENE
Find GENE
Find GENE
Find GENE
[u'C02486']
Find GENE
Find GENE
[u'C03375']
[]
[u'C00152', u'C00152', u'C00152', u'C00152', u'C00152']
[u'C00077', u'C00077', u'C00077', u'C00077']
Find GENE
Find G8', u'C00188', u'C00188']
WRITE
WRITE
WRITE
WRITE
Find GENE
Find GENE
Find GENE
Find GENE
Find GENE
Find GENE
Find GENE
Find GENE
[]
WRITE
WRITE
WRITE
WRITE
[u'C00263', u'C00263', u'C00263', u'C00263']
WRITE
WRITE
WRITE
WRITE
Find GENE
Find GENE
Find GENE
Find GENE
Find GENE
[]
WRITE
WRITE
WRITE
WRITE
[]
WRITE
WRITE
WRITE
WRITE
[]
WRITE
WRITE
WRITE
WRITE
[u'C00097', u'C00097', u'C00097', u'C00097', u'C00097', u'C00097', u'C00097', u'C00097', u'C00097', u'C00097']
WRITE
WRITE
WRITE
WRITE
Find GENE
Find GENE
Find GENE
Find GENE
Find GENE
Find GENE
Find GENE
Find GENE
Find GENE
Find GENE
Find GENE
[]
WRITE
WRITE
WRITE
WRITE
[]
WRITE
WRITE
WRITE
WRITE
[u'C05332']
WRITE
WRITE
WRITE
WRITE
[]
WRITE
WRITE
WRITE
WRITE
WRITE
[]
WRITE
WRITE
WRITE
WRITE
[]
WRITE
WRITE
WRITE
WRITE
[u'C00153', u'C00153']
WRITE
WRITE
WRITE
WRITE
[]
WRITE
WRITE
WRITE
WRITE
[u'C00245', u'C00245', u'C00245', u'C00245', u'C00245']
WRITE
WRITE
WRITE
WRITE
[u'C02376']
WRITE
WRITE
WRITE
WRITE
[u'C05127']
WRITE
WRITE
WRITE
WRITE
Find GENE
Find GENE
[u'C00178']
WRITE
WRITE
WRITE
WRITE
[u'C02835']
WRITE
WRITE
WRITE
WRITE
Find GENE
Find GENE
[]
WRITE
WRITE
WRITE
WRITE
[u'C01879']
WRITE
WRITE
WRITE
WRITE
Find GENE
Find GENE
[]
WRITE
WRITE
WRITE
WRITE
[u'C00408']
WRITE
WRITE
WRITE
WRITE
Find GENE
Find GENE
[u'C07151']
WRITE
WRITE
WRITE
WRITE
[]
WRITE
WRITE
WRITE
WRITE
[u'C02714']
WRITE
WRITE
WRITE
WRITE
[u'C00179']
WRITE
WRITE
WRITE
WRITE
[]
WRITE
WRITE
WRITE
WRITE
[u'C00430', u'C00430', u'C00430']
WRITE
WRITE
WRITE
WRITE
Find GENE
Find GENE
Find GENE
Find GENE
[u'C00300', u'C00300']
WRITE
WRITE
WRITE
WRITE
Find GENE
Find GENE
Find GENE
[]
WRITE
WRITE
WRITE
WRITE
[u'C00407', u'C00407', u'C00407', u'C00407', u'C00407', u'C00407', u'C00407']
WRITE
WRITE
WRITE
WRITE
Find GENE
Find GENE
Find GENE
Find GENE
Find GENE
Find GENE
Find GENE
Find GENE
[u'C00123', u'C00123', u'C00123', u'C00123', u'C00123', u'C00123']
WRITE
WRITE
WRITE
WRITE
Find GENE
Find GENE
Find GENE
Find GENE
Find GENE
Find GENE
Find GENE
[u'C02486']
WRITE
WRITE
WRITE
WRITE
Find GENE
Find GENE
[u'C03375']
WRITE
WRITE
WRITE
WRITE
[]
WRITE
WRITE
WRITE
WRITE
[u'C00152', u'C00152', u'C00152', u'C00152', u'C00152']
WRITE
WRITE
WRITE
WRITE
[u'C00077', u'C00077', u'C00077', u'C00077']
WRITE
WRITE
WRITE
WRITE
Find GENE
Find GENE
Find GENE
Find GENE
Find GENE
[u'C00049', u'C00049', u'C00049', u'C00049', u'C00049', u'C00049', u'C00049', u'C00049', u'C00049', u'C00049', u'C00049', u'C00049', u'C00049', u'C00049']
WRITE
WRITE
WRITE
WRITE
Find GENE
Find GENE
Find GENE
Find GENE
Find GENE
Find GENE
Find GENE
Find GENE
Find GENE
Find GENE
Find GENE
Find GENE
Find GENE
Find GENE
Find GENE
[]
WRITE
WRITE
WRITE
WRITE
[u'C00155', u'C00155']
WRITE
WRITE
WRITE
WRITE
[u'C00147']
WRITE
WRITE
WRITE
WRITE
Find GENE
Find GENE
[u'C00262']
WRITE
WRITE
WRITE
WRITE
Find GENE
Find GENE
[u'C02918', u'C02918']
WRITE
WRITE
WRITE
WRITE
[u'C00108', u'C00108']
WRITE
WRITE
WRITE
WRITE
Find GENE
Find GENE
Find GENE
[u'C00568']
WRITE
WRITE
WRITE
WRITE
[u'C01004']
WRITE
WRITE
WRITE
WRITE
[]
WRITE
WRITE
WRITE
WRITE
[u'C00483', u'C00483', u'C00483']
WRITE
WRITE
WRITE
WRITE
[u'C00785']
WRITE
WRITE
WRITE
WRITE
Find GENE
Find GENE
[u'C01020']
WRITE
WRITE
WRITE
WRITE
[]
WRITE
WRITE
WRITE
WRITE
[u'C00346', u'C00346']
WRITE
WRITE
WRITE
WRITE
[u'C00860']
WRITE
WRITE
WRITE
WRITE
Find GENE
Find GENE
[]
WRITE
WRITE
WRITE
WRITE
[u'C06231']
WRITE
WRITE
WRITE
WRITE
Find GENE
Find GENE
[u'C04294']
WRITE
WRITE
WRITE
WRITE
[]
WRITE
WRITE
WRITE
WRITE
[u'C01035']
WRITE
WRITE
WRITE
WRITE
[u'C01996', u'C01996', u'C01996', u'C01996', u'C01996', u'C01996', u'C01996', u'C01996', u'C01996', u'C01996', u'C01996']
WRITE
WRITE
WRITE
WRITE
Find GENE
Find GENE
Find GENE
Find GENE
Find GENE
Find GENE
Find GENE
Find GENE
Find GENE
Find GENE
Find GENE
Find GENE
[u'C01181', u'C01181']
WRITE
WRITE
WRITE
WRITE
Find GENE
Find GENE
Find GENE
[]
WRITE
WRITE
WRITE
WRITE
[u'C00315', u'C00315', u'C00315', u'C00315', u'C00315']
WRITE
WRITE
WRITE
WRITE
Find GENE
Find GENE
Find GENE
Find GENE
Find GENE
Find GENE
[u'C00064', u'C00064', u'C00064', u'C00064', u'C00064', u'C00064', u'C00064', u'C00064', u'C00064', u'C00064', u'C00064', u'C00064', u'C00064', u'C00064']
WRITE
WRITE
WRITE
WRITE
Find GENE
Find GENE
Find GENE
Find GENE
Find GENE
Find GENE
Find GENE
Find GENE
Find GENE
Find GENE
Find GENE
Find GENE
Find GENE
Find GENE
Find GENE
[u'C03114', u'C03114']
WRITE
WRITE
WRITE
WRITE
WRITE
Find GENE
Find GENE
Find GENE
[u'C00047', u'C00047', u'C00047', u'C00047', u'C00047', u'C00047']
WRITE
WRITE
WRITE
WRITE
Find GENE
Find GENE
Find GENE
Find GENE
Find GENE
Find GENE
Find GENE
[]
WRITE
WRITE
WRITE
WRITE
[u'C00025', u'C00025', u'C00025', u'C00025', u'C00025', u'C00025', u'C00025', u'C00025', u'C00025', u'C00025', u'C00025', u'C00025', u'C00025', u'C00025', u'C00025', u'C00025', u'C00025', u'C00025', u'C00025', u'C00025', u'C00025', u'C00025', u'C00025', u'C00025', u'C00025', u'C00025', u'C00025', u'C00025', u'C00025', u'C00025', u'C00025', u'C00025']
WRITE
WRITE
WRITE
WRITE
Find GENE
Find GENE
Find GENE
Find GENE
Find GENE
Find GENE
Find GENE
Find GENE
Find GENE
Find GENE
Find GENE
Find GENE
Find GENE
Find GENE
Find GENE
Find GENE
Find GENE
Find GENE
Find GENE
Find GENE
Find GENE
Find GENE
Find GENE
Find GENE
Find GENE
Find GENE
Find GENE
Find GENE
Find GENE
Find GENE
Find GENE
Find GENE
Find GENE
[u'C00979', u'C00979']
WRITE
WRITE
WRITE
WRITE
[]
WRITE
WRITE
WRITE
WRITE
[u'C00073', u'C00073', u'C00073', u'C00073']
WRITE
WRITE
WRITE
WRITE
[]
WRITE
WRITE
WRITE
WRITE
[u'C00913']
WRITE
WRITE
WRITE
WRITE
[u'C00242']
WRITE
WRITE
WRITE
WRITE
Find GENE
Find GENE
[]
WRITE
WRITE
WRITE
WRITE
[u'C00385', u'C00385']
WRITE
WRITE
WRITE
WRITE
Find GENE
Find GENE
Find GENE
[u'C00632']
WRITE
WRITE
WRITE
WRITE
Find GENE
Find GENE
[]
WRITE
WRITE
WRITE
WRITE
[u'C03758', u'C03758', u'C03758', u'C03758', u'C03758', u'C03758', u'C03758', u'C03758', u'C03758', u'C03758', u'C03758', u'C03758']
WRITE
WRITE
WRITE
WRITE
[u'C05135']
WRITE
WRITE
WRITE
WRITE
Find GENE
Find GENE
[]
WRITE
WRITE
WRITE
WRITE
[u'C00135', u'C00135', u'C00135', u'C00135', u'C00135']
WRITE
WRITE
WRITE
WRITE
Find GENE
Find GENE
Find GENE
Find GENE
Find GENE
Find GENE
[u'C05568']
WRITE
WRITE
WRITE
WRITE
Find GENE
Find GENE
[]
WRITE
WRITE
WRITE
WRITE
[]
WRITE
WRITE
WRITE
WRITE
[u'C00637']
WRITE
WRITE
WRITE
WRITE
Find GENE
Find GENE
[]
WRITE
WRITE
WRITE
WRITE
[]
WRITE
WRITE
WRITE
WRITE
[]
WRITE
WRITE
WRITE
WRITE
[u'C00398', u'C00398']
WRITE
WRITE
WRITE
WRITE
Find GENE
Find GENE
Find GENE
[u'C00956', u'C00956']
WRITE
WRITE
WRITE
WRITE
Find GENE
Find GENE
Find GENE
[]
WRITE
WRITE
WRITE
WRITE
[u'C00955']
WRITE
WRITE
WRITE
WRITE
Find GENE
Find GENE
[u'C00318']
WRITE
WRITE
WRITE
WRITE
[]
WRITE
WRITE
WRITE
WRITE
[u'C02627']
WRITE
WRITE
WRITE
WRITE
[u'C00745', u'C00745']
WRITE
WRITE
WRITE
WRITE
[]
WRITE
WRITE
WRITE
WRITE
[]
WRITE
WRITE
WRITE
WRITE
[u'C02989']
WRITE
WRITE
WRITE
WRITE
[]
WRITE
WRITE
WRITE
WRITE
[]
WRITE
WRITE
WRITE
WRITE
[u'C00079', u'C00079', u'C00079', u'C00079', u'C00079', u'C00079', u'C00079']
WRITE
WRITE
WRITE
WRITE
[u'C01959']
WRITE
WRITE
WRITE
WRITE
[u'C00250', u'C00250']
WRITE
WRITE
WRITE
WRITE
[u'C05587', u'C05587']
WRITE
WRITE
WRITE
WRITE
[]
WRITE
WRITE
WRITE
WRITE
[u'C00534', u'C00534']
WRITE
WRITE
WRITE
WRITE
[u'C00314']
WRITE
WRITE
WRITE
WRITE
[u'C00547', u'C00547', u'C00547', u'C00547', u'C00547', u'C00547', u'C00547']
WRITE
WRITE
WRITE
WRITE
[u'C01152']
WRITE
WRITE
WRITE
WRITE
Find GENE
Find GENE
[]
WRITE
WRITE
WRITE
WRITE
[u'C02693']
WRITE
WRITE
WRITE
WRITE
Find GENE
Find GENE
[]
WRITE
WRITE
WRITE
WRITE
[u'C00437']
WRITE
WRITE
WRITE
WRITE
[u'C00062', u'C00062', u'C00062', u'C00062', u'C00062', u'C00062', u'C00062', u'C00062', u'C00062']
WRITE
WRITE
WRITE
WRITE
[]
WRITE
WRITE
WRITE
WRITE
[u'C06213']
WRITE
WRITE
WRITE
WRITE
Find GENE
Find GENE
[]
WRITE
WRITE
WRITE
WRITE
[u'C00954']
WRITE
WRITE
WRITE
WRITE
Find GENE
Find GENE
[]
WRITE
WRITE
WRITE
WRITE
[u'C00327']
WRITE
WRITE
WRITE
WRITE
[]
WRITE
WRITE
WRITE
WRITE
[u'C00780', u'C00780', u'C00780', u'C00780', u'C00780', u'C00780']
WRITE
WRITE
WRITE
WRITE
Find GENE
Find GENE
Find GENE
Find GENE
Find GENE
Find GENE
Find GENE
[]
WRITE
WRITE
WRITE
WRITE
[u'C01419']
WRITE
WRITE
WRITE
WRITE
Find GENE
FindENE
Find GENE
Find GENE
Find GENE
[u'C00049', u'C00049', u'C00049', u'C00049', u'C00049', u'C00049', u'C00049', u'C00049', u'C00049', u'C00049', u'C00049', u'C00049', u'C00049', u'C00049']
Find GENE
Find GENE
Find GENE
Find GENE
Find GENE
Find GENE
Find GENE
Find GENE
Find GENE
Find GENE
Find GENE
Find GENE
Find GENE
Find GENE
Find GENE
[]
[u'C00155', u'C00155']
[u'C00147']
Find GENE
Find GENE
[u'C00262']
Find GENE
Find GENE
[u'C02918', u'C02918']
[u'C00108', u'C00108']
Find GENE
Find GENE
Find GENE
[u'C00568']
[u'C01004']
[]
[u'C00483', u'C00483', u'C00483']
[u'C00785']
Find GENE
Find GENE
[u'C01020']
[]
[u'C00346', u'C00346']
[u'C00860']
Find GENE
Find GENE
[]
[u'C06231']
Find GENE
Find GENE
[u'C04294']
[]
[u'C01035']
[u'C01996', u'C01996', u'C01996', u'C01996', u'C01996', u'C01996', u'C01996', u'C01996', u'C01996', u'C01996', u'C01996']
Find GENE
Find GENE
Find GENE
Find GENE
Find GENE
Find GENE
Find GENE
Find GENE
Find GENE
Find GENE
Find GENE
Find GENE
[u'C01181', u'C01181']
Find GENE
Find GENE
Find GENE
[]
[u'C00315', u'C00315', u'C00315', u'C00315', u'C00315']
Find GENE
Find GENE
Find GENE
Find GENE
Find GENE
Find GENE
[u'C00064', u'C00064', u'C00064', u'C00064', u'C00064', u'C00064', u'C00064', u'C00064', u'C00064', u'C00064', u'C00064', u'C00064', u'C00064', u'C00064']
Find GENE
Find GENE
Find GENE
Find GENE
Find GENE
Find GENE
Find GENE
Find GENE
Find GENE
Find GENE
Find GENE
Find GENE
Find GENE
Find GENE
Find GENE
[u'C03114', u'C03114']
Find GENE
Find GENE
Find GENE
[u'C00047', u'C00047', u'C00047', u'C00047', u'C00047', u'C00047']
Find GENE
Find GENE
Find GENE
Find GENE
Find GENE
Find GENE
Find GENE
[]
[u'C00025', u'C00025', u'C00025', u'C00025', u'C00025', u'C00025', u'C00025', u'C00025', u'C00025', u'C00025', u'C00025', u'C00025', u'C00025', u'C00025', u'C00025', u'C00025', u'C00025', u'C00025', u'C00025', u'C00025', u'C00025', u'C00025', u'C00025', u'C00025', u'C00025', u'C00025', u'C00025', u'C00025', u'C00025', u'C00025', u'C00025', u'C00025']
Find GENE
Find GENE
Find GENE
Find GENE
Find GENE
Find GENE
Find GENE
Find GENE
Find GENE
Find GENE
Find GENE
Find GENE
Find GENE
Find GENE
Find GENE
Find GENE
Find GENE
Find GENE
Find GENE
Find GENE
Find GENE
Find GENE
Find GENE
Find GENE
Find GENE
Find GENE
Find GENE
Find GENE
Find GENE
Find GENE
Find GENE
Find GENE
Find GENE
[u'C00979', u'C00979']
[]
[u'C00073', u'C00073', u'C00073', u'C00073']
[]
[u'C00913']
[u'C00242']
Find GENE
Find GENE
[]
[u'C00385', u'C00385']
Find GENE
Find GENE
Find GENE
[u'C00632']
Find GENE
Find GENE
[]
[u'C03758', u'C03758', u'C03758', u'C03758', u'C03758', u'C03758', u'C03758', u'C03758', u'C03758', u'C03758', u'C03758', u'C03758']
[u'C05135']
Find GENE
Find GENE
[]
[u'C00135', u'C00135', u'C00135', u'C00135', u'C00135']
Find GENE
Find GENE
Find GENE
Find GENE
Find GENE
Find GENE
[u'C05568']
Find GENE
Find GENE
[]
[]
[u'C00637']
Find GENE
Find GENE
[]
[]
[]
[u'C00398', u'C00398']
Find GENE
Find GENE
Find GENE
[u'C00956', u'C00956']
Find GENE
Find GENE
Find GENE
[]
[u'C00955']
Find GENE
Find GENE
[u'C00318']
[]
[u'C02627']
[u'C00745', u'C00745']
[]
[]
[u'C02989']
[]
[]
[u'C00079', u'C00079', u'C00079', u'C00079', u'C00079', u'C00079', u'C00079']
[u'C01959']
[u'C00250', u'C00250']
[u'C05587', u'C05587']
[]
[u'C00534', u'C00534']
[u'C00314']
[u'C00547', u'C00547', u'C00547', u'C00547', u'C00547', u'C00547', u'C00547']
[u'C01152']
Find GENE
Find GENE
[]
[u'C02693']
Find GENE
Find GENE
[]
[u'C00437']
[u'C00062', u'C00062', u'C00062', u'C00062', u'C00062', u'C00062', u'C00062', u'C00062', u'C00062']
[]
[u'C06213']
Find GENE
Find GENE
[]
[u'C00954']
Find GENE
Find GENE
[]
[u'C00327']
[]
[u'C00780', u'C00780', u'C00780', u'C00780', u'C00780', u'C00780']
Find GENE
Find GENE
Find GENE
Find GENE
Find GENE
Find GENE
Find GENE
[]
[u'C01419']
Find GENE
Find GENE
[]
[]
[u'C00329']
Find GENE
Find GENE
[]
[]
[u'C00082', u'C00082', u'C00082', u'C00082', u'C00082', u'C00082', u'C00082', u'C00082', u'C00082', u'C00082', u'C00082', u'C00082', u'C00082', u'C00082', u'C00082']
Find GENE
Find GENE
Find GENE
Find GENE
Find GENE
Find GENE
Find GENE
Find GENE
ENE
Find GENE
Find GENE
Find GENE
[u'C00049', u'C00049', u'C00049', u'C00049', u'C00049', u'C00049', u'C00049', u'C00049', u'C00049', u'C00049', u'C00049', u'C00049', u'C00049', u'C00049']
Find GENE
Find GENE
Find GENE
Find GENE
Find GENE
Find GENE
Find GENE
Find GENE
Find GENE
Find GENE
Find GENE
Find GENE
Find GENE
Find GENE
Find GENE
[]
[u'C00155', u'C00155']
[u'C00147']
Find GENE
Find GENE
[u'C00262']
Find GENE
Find GENE
[u'C02918', u'C02918']
[u'C00108', u'C00108']
Find GENE
Find GENE
Find GENE
[u'C00568']
[u'C01004']
[]
[u'C00483', u'C00483', u'C00483']
[u'C00785']
Find GENE
Find GENE
[u'C01020']
[]
[u'C00346', u'C00346']
[u'C00860']
Find GENE
Find GENE
[]
[u'C06231']
Find GENE
Find GENE
[u'C04294']
[]
[u'C01035']
[u'C01996', u'C01996', u'C01996', u'C01996', u'C01996', u'C01996', u'C01996', u'C01996', u'C01996', u'C01996', u'C01996']
Find GENE
Find GENE
Find GENE
Find GENE
Find GENE
Find GENE
Find GENE
Find GENE
Find GENE
Find GENE
Find GENE
Find GENE
[u'C01181', u'C01181']
Find GENE
Find GENE
Find GENE
[]
[u'C00315', u'C00315', u'C00315', u'C00315', u'C00315']
Find GENE
Find GENE
Find GENE
Find GENE
Find GENE
Find GENE
[u'C00064', u'C00064', u'C00064', u'C00064', u'C00064', u'C00064', u'C00064', u'C00064', u'C00064', u'C00064', u'C00064', u'C00064', u'C00064', u'C00064']
Find GENE
Find GENE
Find GENE
Find GENE
Find GENE
Find GENE
Find GENE
Find GENE
Find GENE
Find GENE
Find GENE
Find GENE
Find GENE
Find GENE
Find GENE
[u'C03114', u'C03114']
Find GENE
Find GENE
Find GENE
[u'C00047', u'C00047', u'C00047', u'C00047', u'C00047', u'C00047']
Find GENE
Find GENE
Find GENE
Find GENE
Find GENE
Find GENE
Find GENE
[]
[u'C00025', u'C00025', u'C00025', u'C00025', u'C00025', u'C00025', u'C00025', u'C00025', u'C00025', u'C00025', u'C00025', u'C00025', u'C00025', u'C00025', u'C00025', u'C00025', u'C00025', u'C00025', u'C00025', u'C00025', u'C00025', u'C00025', u'C00025', u'C00025', u'C00025', u'C00025', u'C00025', u'C00025', u'C00025', u'C00025', u'C00025', u'C00025']
Find GENE
Find GENE
Find GENE
Find GENE
Find GENE
Find GENE
Find GENE
Find GENE
Find GENE
Find GENE
Find GENE
Find GENE
Find GENE
Find GENE
Find GENE
Find GENE
Find GENE
Find GENE
Find GENE
Find GENE
Find GENE
Find GENE
Find GENE
Find GENE
Find GENE
Find GENE
Find GENE
Find GENE
Find GENE
Find GENE
Find GENE
Find GENE
Find GENE
[u'C00979', u'C00979']
[]
[u'C00073', u'C00073', u'C00073', u'C00073']
[]
[u'C00913']
[u'C00242']
Find GENE
Find GENE
[]
[u'C00385', u'C00385']
Find GENE
Find GENE
Find GENE
[u'C00632']
Find GENE
Find GENE
[]
[u'C03758', u'C03758', u'C03758', u'C03758', u'C03758', u'C03758', u'C03758', u'C03758', u'C03758', u'C03758', u'C03758', u'C03758']
[u'C05135']
Find GENE
Find GENE
[]
[u'C00135', u'C00135', u'C00135', u'C00135', u'C00135']
Find GENE
Find GENE
Find GENE
Find GENE
Find GENE
Find GENE
[u'C05568']
Find GENE
Find GENE
[]
[]
[u'C00637']
Find GENE
Find GENE
[]
[]
[]
[u'C00398', u'C00398']
Find GENE
Find GENE
Find GENE
[u'C00956', u'C00956']
Find GENE
Find GENE
Find GENE
[]
[u'C00955']
Find GENE
Find GENE
[u'C00318']
[]
[u'C02627']
[u'C00745', u'C00745']
[]
[]
[u'C02989']
[]
[]
[u'C00079', u'C00079', u'C00079', u'C00079', u'C00079', u'C00079', u'C00079']
[u'C01959']
[u'C00250', u'C00250']
[u'C05587', u'C05587']
[]
[u'C00534', u'C00534']
[u'C00314']
[u'C00547', u'C00547', u'C00547', u'C00547', u'C00547', u'C00547', u'C00547']
[u'C01152']
Find GENE
Find GENE
[]
[u'C02693']
Find GENE
Find GENE
[]
[u'C00437']
[u'C00062', u'C00062', u'C00062', u'C00062', u'C00062', u'C00062', u'C00062', u'C00062', u'C00062']
[]
[u'C06213']
Find GENE
Find GENE
[]
[u'C00954']
Find GENE
Find GENE
[]
[u'C00327']
[]
[u'C00780', u'C00780', u'C00780', u'C00780', u'C00780', u'C00780']
Find GENE
Find GENE
Find GENE
Find GENE
Find GENE
Find GENE
Find GENE
[]
[u'C01419']
Find GENE
Find GENE
[]
[]
[u'C00329']
Find GENE
Find GENE
[]
[]
[u'C00082', u'C00082', u'C00082', u'C00082', u'C00082', u'C00082', u'C00082', u'C00082', u'C00082', u'C00082', u'C00082', u'C00082', u'C00082', u'C00082', u'C00082']
Find GENE
Find GENE
Find GENE
Find GENE
Find GENE
Find GENE
Find GENE
Find GENE
ENE
Find GENE
Find GENE
Find GENE
[u'C00049', u'C00049', u'C00049', u'C00049', u'C00049', u'C00049', u'C00049', u'C00049', u'C00049', u'C00049', u'C00049', u'C00049', u'C00049', u'C00049']
Find GENE
Find GENE
Find GENE
Find GENE
Find GENE
Find GENE
Find GENE
Find GENE
Find GENE
Find GENE
Find GENE
Find GENE
Find GENE
Find GENE
Find GENE
[]
[u'C00155', u'C00155']
[u'C00147']
Find GENE
Find GENE
[u'C00262']
Find GENE
Find GENE
[u'C02918', u'C02918']
[u'C00108', u'C00108']
Find GENE
Find GENE
Find GENE
[u'C00568']
[u'C01004']
[]
[u'C00483', u'C00483', u'C00483']
[u'C00785']
Find GENE
Find GENE
[u'C01020']
[]
[u'C00346', u'C00346']
[u'C00860']
Find GENE
Find GENE
[]
[u'C06231']
Find GENE
Find GENE
[u'C04294']
[]
[u'C01035']
[u'C01996', u'C01996', u'C01996', u'C01996', u'C01996', u'C01996', u'C01996', u'C01996', u'C01996', u'C01996', u'C01996']
Find GENE
Find GENE
Find GENE
Find GENE
Find GENE
Find GENE
Find GENE
Find GENE
Find GENE
Find GENE
Find GENE
Find GENE
[u'C01181', u'C01181']
Find GENE
Find GENE
Find GENE
[]
[u'C00315', u'C00315', u'C00315', u'C00315', u'C00315']
Find GENE
Find GENE
Find GENE
Find GENE
Find GENE
Find GENE
[u'C00064', u'C00064', u'C00064', u'C00064', u'C00064', u'C00064', u'C00064', u'C00064', u'C00064', u'C00064', u'C00064', u'C00064', u'C00064', u'C00064']
Find GENE
Find GENE
Find GENE
Find GENE
Find GENE
Find GENE
Find GENE
Find GENE
Find GENE
Find GENE
Find GENE
Find GENE
Find GENE
Find GENE
Find GENE
[u'C03114', u'C03114']
Find GENE
Find GENE
Find GENE
[u'C00047', u'C00047', u'C00047', u'C00047', u'C00047', u'C00047']
Find GENE
Find GENE
Find GENE
Find GENE
Find GENE
Find GENE
Find GENE
[]
[u'C00025', u'C00025', u'C00025', u'C00025', u'C00025', u'C00025', u'C00025', u'C00025', u'C00025', u'C00025', u'C00025', u'C00025', u'C00025', u'C00025', u'C00025', u'C00025', u'C00025', u'C00025', u'C00025', u'C00025', u'C00025', u'C00025', u'C00025', u'C00025', u'C00025', u'C00025', u'C00025', u'C00025', u'C00025', u'C00025', u'C00025', u'C00025']
Find GENE
Find GENE
Find GENE
Find GENE
Find GENE
Find GENE
Find GENE
Find GENE
Find GENE
Find GENE
Find GENE
Find GENE
Find GENE
Find GENE
Find GENE
Find GENE
Find GENE
Find GENE
Find GENE
Find GENE
Find GENE
Find GENE
Find GENE
Find GENE
Find GENE
Find GENE
Find GENE
Find GENE
Find GENE
Find GENE
Find GENE
Find GENE
Find GENE
[u'C00979', u'C00979']
[]
[u'C00073', u'C00073', u'C00073', u'C00073']
[]
[u'C00913']
[u'C00242']
Find GENE
Find GENE
[]
[u'C00385', u'C00385']
Find GENE
Find GENE
Find GENE
[u'C00632']
Find GENE
Find GENE
[]
[u'C03758', u'C03758', u'C03758', u'C03758', u'C03758', u'C03758', u'C03758', u'C03758', u'C03758', u'C03758', u'C03758', u'C03758']
[u'C05135']
Find GENE
Find GENE
[]
[u'C00135', u'C00135', u'C00135', u'C00135', u'C00135']
Find GENE
Find GENE
Find GENE
Find GENE
Find GENE
Find GENE
[u'C05568']
Find GENE
Find GENE
[]
[]
[u'C00637']
Find GENE
Find GENE
[]
[]
[]
[u'C00398', u'C00398']
Find GENE
Find GENE
Find GENE
[u'C00956', u'C00956']
Find GENE
Find GENE
Find GENE
[]
[u'C00955']
Find GENE
Find GENE
[u'C00318']
[]
[u'C02627']
[u'C00745', u'C00745']
[]
[]
[u'C02989']
[]
[]
[u'C00079', u'C00079', u'C00079', u'C00079', u'C00079', u'C00079', u'C00079']
[u'C01959']
[u'C00250', u'C00250']
[u'C05587', u'C05587']
[]
[u'C00534', u'C00534']
[u'C00314']
[u'C00547', u'C00547', u'C00547', u'C00547', u'C00547', u'C00547', u'C00547']
[u'C01152']
Find GENE
Find GENE
[]
[u'C02693']
Find GENE
Find GENE
[]
[u'C00437']
[u'C00062', u'C00062', u'C00062', u'C00062', u'C00062', u'C00062', u'C00062', u'C00062', u'C00062']
[]
[u'C06213']
Find GENE
Find GENE
[]
[u'C00954']
Find GENE
Find GENE
[]
[u'C00327']
[]
[u'C00780', u'C00780', u'C00780', u'C00780', u'C00780', u'C00780']
Find GENE
Find GENE
Find GENE
Find GENE
Find GENE
Find GENE
Find GENE
[]
[u'C01419']
Find GENE
Find GENE
[]
[]
[u'C00329']
Find GENE
Find GENE
[]
[]
[u'C00082', u'C00082', u'C00082', u'C00082', u'C00082', u'C00082', u'C00082', u'C00082', u'C00082', u'C00082', u'C00082', u'C00082', u'C00082', u'C00082', u'C00082']
Find GENE
Find GENE
Find GENE
Find GENE
Find GENE
Find GENE
Find GENE
Find GENE
 GENE
[]
WRITE
WRITE
WRITE
WRITE
[]
WRITE
WRITE
WRITE
WRITE
[u'C00329']
WRITE
WRITE
WRITE
WRITE
Find GENE
Find GENE
[]
WRITE
WRITE
WRITE
WRITE
[]
WRITE
WRITE
WRITE
WRITE
[u'C00082', u'C00082', u'C00082', u'C00082', u'C00082', u'C00082', u'C00082', u'C00082', u'C00082', u'C00082', u'C00082', u'C00082', u'C00082', u'C00082', u'C00082']
WRITE
WRITE
WRITE
WRITE
Find GENE
Find GENE
Find GENE
Find GENE
Find GENE
Find GENE
Find GENE
Find GENE
Find GENE
Find GENE
Find GENE
Find GENE
Find GENE
Find GENE
Find GENE
Find GENE
[]
WRITE
WRITE
WRITE
WRITE
[u'C00588']
WRITE
WRITE
WRITE
WRITE
[u'C00788', u'C00788', u'C00788']
WRITE
WRITE
WRITE
WRITE
[]
WRITE
WRITE
WRITE
WRITE
WRITE
[]
WRITE
WRITE
WRITE
WRITE
[]
WRITE
WRITE
WRITE
WRITE
[u'C02727']
WRITE
WRITE
WRITE
WRITE
Find GENE
Find GENE
[]
WRITE
WRITE
WRITE
WRITE
[u'C03793']
WRITE
WRITE
WRITE
WRITE
WRITE
WRITE
Find GENE
Find GENE
[]
WRITE
WRITE
WRITE
WRITE
[u'C05659']
WRITE
WRITE
WRITE
WRITE
Find GENE
Find GENE
[u'C05635', u'C05635']
WRITE
WRITE
WRITE
WRITE
Find GENE
Find GENE
Find GENE
[u'C00021']
WRITE
WRITE
WRITE
WRITE
[u'C03752']
WRITE
WRITE
WRITE
WRITE
Find GENE
Find GENE
[]
WRITE
WRITE
WRITE
WRITE
[u'C00355', u'C00355', u'C00355', u'C00355', u'C00355', u'C00355', u'C00355']
WRITE
WRITE
WRITE
WRITE
[]
WRITE
WRITE
WRITE
WRITE
[u'C00019', u'C00019', u'C00019']
WRITE
WRITE
WRITE
WRITE
[]
WRITE
WRITE
WRITE
WRITE
[]
WRITE
WRITE
WRITE
WRITE
[]
WRITE
WRITE
WRITE
WRITE
[]
WRITE
WRITE
WRITE
WRITE
[u'C00078', u'C00078', u'C00078', u'C00078', u'C00078', u'C00078', u'C00078', u'C00078']
WRITE
WRITE
WRITE
WRITE
Find GENE
Find GENE
Find GENE
Find GENE
Find GENE
Find GENE
Find GENE
Find GENE
Find GENE
[]
WRITE
WRITE
WRITE
WRITE
[u'C05660']
WRITE
WRITE
WRITE
WRITE
Find GENE
Find GENE
[u'C00328', u'C00328']
WRITE
WRITE
WRITE
WRITE
Find GENE
Find GENE
Find GENE
[]
WRITE
WRITE
WRITE
WRITE
[u'C01909']
WRITE
WRITE
WRITE
WRITE
[u'C05341']
WRITE
WRITE
WRITE
WRITE
[]
WRITE
WRITE
WRITE
WRITE
WRITE
[u'C01118', u'C01118']
WRITE
WRITE
WRITE
WRITE
[]
WRITE
WRITE
WRITE
WRITE
[u'C00643', u'C00643']
WRITE
WRITE
WRITE
WRITE
Find GENE
Find GENE
Find GENE
[]
WRITE
WRITE
WRITE
WRITE
[u'C00140', u'C00140']
WRITE
WRITE
WRITE
WRITE
Find GENE
Find GENE
Find GENE
[u'C02291', u'C02291']
WRITE
WRITE
WRITE
WRITE
Find GENE
Find GENE
Find GENE
[]
WRITE
WRITE
WRITE
WRITE
[u'C00881']
WRITE
WRITE
WRITE
WRITE
[]
WRITE
WRITE
WRITE
WRITE
[u'C01598', u'C01598', u'C01598']
WRITE
WRITE
WRITE
WRITE
Find GENE
Find GENE
Find GENE
Find GENE
[]
WRITE
WRITE
WRITE
WRITE
[]
WRITE
WRITE
WRITE
WRITE
WRITE
[u'C00491', u'C00491', u'C00491']
WRITE
WRITE
WRITE
WRITE
[u'C01262', u'C01262']
WRITE
WRITE
WRITE
WRITE
Find GENE
Find GENE
Find GENE
[u'C00884']
WRITE
WRITE
WRITE
WRITE
[]
WRITE
WRITE
WRITE
WRITE
[u'C00214']
WRITE
WRITE
WRITE
WRITE
[u'C00475']
WRITE
WRITE
WRITE
WRITE
[u'C00299']
WRITE
WRITE
WRITE
WRITE
[]
WRITE
WRITE
WRITE
WRITE
[u'C04137', u'C04137']
WRITE
WRITE
WRITE
WRITE
[u'C00647', u'C00647']
WRITE
WRITE
WRITE
WRITE
[u'C00669']
WRITE
WRITE
WRITE
WRITE
Find GENE
Find GENE
[]
WRITE
WRITE
WRITE
WRITE
[]
WRITE
WRITE
WRITE
WRITE
[u'C05512']
WRITE
WRITE
WRITE
WRITE
Find GENE
Find GENE
[]
WRITE
WRITE
WRITE
WRITE
[u'C04874']
WRITE
WRITE
WRITE
WRITE
WRITE
[u'C00670', u'C00670']
WRITE
WRITE
WRITE
WRITE
[u'C00378', u'C00378', u'C00378', u'C00378']
WRITE
WRITE
WRITE
WRITE
[]
WRITE
WRITE
WRITE
WRITE
[u'C00330']
WRITE
WRITE
WRITE
WRITE
Find GENE
Find GENE
[u'C00212', u'C00212', u'C00212', u'C00212', u'C00212']
WRITE
WRITE
WRITE
WRITE
Find GENE
Find GENE
Find GENE
Find GENE
Find GENE
Find GENE
[u'C01817']
WRITE
WRITE
WRITE
WRITE
[u'C00294']
WRITE
WRITE
WRITE
WRITE
Find GENE
Find GENE
[]
WRITE
WRITE
WRITE
WRITE
[u'C00449', u'C00449']
WRITE
WRITE
WRITE
WRITE
Find GENE
Find GENE
Find GENE
[]
WRITE
WRITE
WRITE
WRITE
[u'C00387']
WRITE
WRITE
WRITE
WRITE
Find GENE
Find GENE
[u'C01762', u'C01762']
WRITE
WRITE
WRITE
WRITE
Find GENE
Find GENE
Find GENE
[]
WRITE
WRITE
WRITE
WRITE
[u'C03406', u'C03406']
WRITE
WRITE
WRITE
WRITE
[u'C00170']
WRITE
WRITE
WRITE
WRITE
[u'C00127', u'C00127']
WRITE
WRITE
WRITE
WRITE
Find GENE
Find GENE
Find GENE
[]
WRITE
WRITE
WRITE
WRIFind GENE
Find GENE
Find GENE
Find GENE
Find GENE
Find GENE
Find GENE
Find GENE
[]
[u'C00588']
[u'C00788', u'C00788', u'C00788']
[]
[]
[]
[u'C02727']
Find GENE
Find GENE
[]
[u'C03793']
Find GENE
Find GENE
[]
[u'C05659']
Find GENE
Find GENE
[u'C05635', u'C05635']
Find GENE
Find GENE
Find GENE
[u'C00021']
[u'C03752']
Find GENE
Find GENE
[]
[u'C00355', u'C00355', u'C00355', u'C00355', u'C00355', u'C00355', u'C00355']
[]
[u'C00019', u'C00019', u'C00019']
[]
[]
[]
[]
[u'C00078', u'C00078', u'C00078', u'C00078', u'C00078', u'C00078', u'C00078', u'C00078']
Find GENE
Find GENE
Find GENE
Find GENE
Find GENE
Find GENE
Find GENE
Find GENE
Find GENE
[]
[u'C05660']
Find GENE
Find GENE
[u'C00328', u'C00328']
Find GENE
Find GENE
Find GENE
[]
[u'C01909']
[u'C05341']
[]
[u'C01118', u'C01118']
[]
[u'C00643', u'C00643']
Find GENE
Find GENE
Find GENE
[]
[u'C00140', u'C00140']
Find GENE
Find GENE
Find GENE
[u'C02291', u'C02291']
Find GENE
Find GENE
Find GENE
[]
[u'C00881']
[]
[u'C01598', u'C01598', u'C01598']
Find GENE
Find GENE
Find GENE
Find GENE
[]
[]
[u'C00491', u'C00491', u'C00491']
[u'C01262', u'C01262']
Find GENE
Find GENE
Find GENE
[u'C00884']
[]
[u'C00214']
[u'C00475']
[u'C00299']
[]
[u'C04137', u'C04137']
[u'C00647', u'C00647']
[u'C00669']
Find GENE
Find GENE
[]
[]
[u'C05512']
Find GENE
Find GENE
[]
[u'C04874']
[u'C00670', u'C00670']
[u'C00378', u'C00378', u'C00378', u'C00378']
[]
[u'C00330']
Find GENE
Find GENE
[u'C00212', u'C00212', u'C00212', u'C00212', u'C00212']
Find GENE
Find GENE
Find GENE
Find GENE
Find GENE
Find GENE
[u'C01817']
[u'C00294']
Find GENE
Find GENE
[]
[u'C00449', u'C00449']
Find GENE
Find GENE
Find GENE
[]
[u'C00387']
Find GENE
Find GENE
[u'C01762', u'C01762']
Find GENE
Find GENE
Find GENE
[]
[u'C03406', u'C03406']
[u'C00170']
[u'C00127', u'C00127']
Find GENE
Find GENE
Find GENE
[]
[u'C02515', u'C02515']
[u'C00051', u'C00051', u'C00051', u'C00051', u'C00051']
Find GENE
Find GENE
Find GENE
Find GENE
Find GENE
Find GENE
[]
[u'C04677', u'C04677', u'C04677']
Find GENE
Find GENE
Find GENE
Find GENE
[u'C01081']
[]
[u'C03958']
[u'C00255', u'C00255']
[u'C03451']
Find GENE
Find GENE
[]
[u'C01060', u'C01060']
[u'C00440']
[u'C02465', u'C02465', u'C02465', u'C02465', u'C02465']
Find GENE
Find GENE
Find GENE
Find GENE
Find GENE
Find GENE
Find GENE
Find GENE
Find GENE
Find GENE
Find GENE
Find GENE
Find GENE
Find GENE
Find GENE
Find GENE
Find GENE
Find GENE
Find GENE
Find GENE
Find GENE
Find GENE
Find GENE
Find GENE
Find GENE
Find GENE
Find GENE
Find GENE
Find GENE
Find GENE
Find GENE
Find GENE
Find GENE
Find GENE
Find GENE
Find GENE
Find GENE
Find GENE
Find GENE
Find GENE
Find GENE
Find GENE
Find GENE
Find GENE
Find GENE
Find GENE
Find GENE
Find GENE
Find GENE
Find GENE
Find GENE
Find GENE
Find GENE
Find GENE
Find GENE
Find GENE
Find GENE
Find GENE
Find GENE
Find GENE
Find GENE
Find GENE
Find GENE
Find GENE
Find GENE
Find GENE
Find GENE
Find GENE
Find GENE
Find GENE
Find GENE
Find GENE
Find GENE
Find GENE
Find GENE
Find GENE
Find GENE
Find GENE
Find GENE
Find GENE
Find GENE
Find GENE
Find GENE
Find GENE
Find GENE
Find GENE
Find GENE
Find GENE
Find GENE
Find GENE
Find GENE
Find GENE
Find GENE
Find GENE
Find GENE
Find GENE
Find GENE
Find GENE
Find GENE
Find GENE
Find GENE
Find GENE
Find GENE
Find GENE
Find GENE
Find GENE
Find GENE
Find GENE
Find GENE
Find GENE
Find GENE
Find GENE
Find GENE
Find GENE
Find GENE
Find GENE
Find GENE
Find GENE
Find GENE
Find GENE
Find GENE
Find GENE
Find GENE
Find GENE
Find GENE
Find GENE
Find GENE
Find GENE
Find GENE
Find GENE
Find GENE
Find GENE
Find GENE
Find GENE
Find GENE
Find GENE
Find GENE
Find GENE
Find GENE
Find GENE
Find GENE
Find GENE
Find GENE
Find GENE
Find GENE
Find GENE
Find GENE
Find GENE
Find GENE
Find GENE
Find GENE
Find GENE
Find GENE
Find GENE
Find GENE
Find GENE
Find GENE
Find GENE
Find GENE
Find GENE
Find GENE
Find GENE
Find GENE
Find GENE
Find GENE
Find GENE
Find GENE
Find GENE
Find GENE
Find GENE
Find GENE
Find GENE
Find GENE
Find GENE
Find GENE
Find GENE
Find GENE
Find GENE
Find GENE
Find GENE
Find GENE
Find GENE
Find GENE
Find GENE
Find GENE
Find GENE
Find GENE
Find GENE
FFind GENE
Find GENE
Find GENE
Find GENE
Find GENE
Find GENE
Find GENE
Find GENE
[]
[u'C00588']
[u'C00788', u'C00788', u'C00788']
[]
[]
[]
[u'C02727']
Find GENE
Find GENE
[]
[u'C03793']
Find GENE
Find GENE
[]
[u'C05659']
Find GENE
Find GENE
[u'C05635', u'C05635']
Find GENE
Find GENE
Find GENE
[u'C00021']
[u'C03752']
Find GENE
Find GENE
[]
[u'C00355', u'C00355', u'C00355', u'C00355', u'C00355', u'C00355', u'C00355']
[]
[u'C00019', u'C00019', u'C00019']
[]
[]
[]
[]
[u'C00078', u'C00078', u'C00078', u'C00078', u'C00078', u'C00078', u'C00078', u'C00078']
Find GENE
Find GENE
Find GENE
Find GENE
Find GENE
Find GENE
Find GENE
Find GENE
Find GENE
[]
[u'C05660']
Find GENE
Find GENE
[u'C00328', u'C00328']
Find GENE
Find GENE
Find GENE
[]
[u'C01909']
[u'C05341']
[]
[u'C01118', u'C01118']
[]
[u'C00643', u'C00643']
Find GENE
Find GENE
Find GENE
[]
[u'C00140', u'C00140']
Find GENE
Find GENE
Find GENE
[u'C02291', u'C02291']
Find GENE
Find GENE
Find GENE
[]
[u'C00881']
[]
[u'C01598', u'C01598', u'C01598']
Find GENE
Find GENE
Find GENE
Find GENE
[]
[]
[u'C00491', u'C00491', u'C00491']
[u'C01262', u'C01262']
Find GENE
Find GENE
Find GENE
[u'C00884']
[]
[u'C00214']
[u'C00475']
[u'C00299']
[]
[u'C04137', u'C04137']
[u'C00647', u'C00647']
[u'C00669']
Find GENE
Find GENE
[]
[]
[u'C05512']
Find GENE
Find GENE
[]
[u'C04874']
[u'C00670', u'C00670']
[u'C00378', u'C00378', u'C00378', u'C00378']
[]
[u'C00330']
Find GENE
Find GENE
[u'C00212', u'C00212', u'C00212', u'C00212', u'C00212']
Find GENE
Find GENE
Find GENE
Find GENE
Find GENE
Find GENE
[u'C01817']
[u'C00294']
Find GENE
Find GENE
[]
[u'C00449', u'C00449']
Find GENE
Find GENE
Find GENE
[]
[u'C00387']
Find GENE
Find GENE
[u'C01762', u'C01762']
Find GENE
Find GENE
Find GENE
[]
[u'C03406', u'C03406']
[u'C00170']
[u'C00127', u'C00127']
Find GENE
Find GENE
Find GENE
[]
[u'C02515', u'C02515']
[u'C00051', u'C00051', u'C00051', u'C00051', u'C00051']
Find GENE
Find GENE
Find GENE
Find GENE
Find GENE
Find GENE
[]
[u'C04677', u'C04677', u'C04677']
Find GENE
Find GENE
Find GENE
Find GENE
[u'C01081']
[]
[u'C03958']
[u'C00255', u'C00255']
[u'C03451']
Find GENE
Find GENE
[]
[u'C01060', u'C01060']
[u'C00440']
[u'C02465', u'C02465', u'C02465', u'C02465', u'C02465']
Find GENE
Find GENE
Find GENE
Find GENE
Find GENE
Find GENE
Find GENE
Find GENE
Find GENE
Find GENE
Find GENE
Find GENE
Find GENE
Find GENE
Find GENE
Find GENE
Find GENE
Find GENE
Find GENE
Find GENE
Find GENE
Find GENE
Find GENE
Find GENE
Find GENE
Find GENE
Find GENE
Find GENE
Find GENE
Find GENE
Find GENE
Find GENE
Find GENE
Find GENE
Find GENE
Find GENE
Find GENE
Find GENE
Find GENE
Find GENE
Find GENE
Find GENE
Find GENE
Find GENE
Find GENE
Find GENE
Find GENE
Find GENE
Find GENE
Find GENE
Find GENE
Find GENE
Find GENE
Find GENE
Find GENE
Find GENE
Find GENE
Find GENE
Find GENE
Find GENE
Find GENE
Find GENE
Find GENE
Find GENE
Find GENE
Find GENE
Find GENE
Find GENE
Find GENE
Find GENE
Find GENE
Find GENE
Find GENE
Find GENE
Find GENE
Find GENE
Find GENE
Find GENE
Find GENE
Find GENE
Find GENE
Find GENE
Find GENE
Find GENE
Find GENE
Find GENE
Find GENE
Find GENE
Find GENE
Find GENE
Find GENE
Find GENE
Find GENE
Find GENE
Find GENE
Find GENE
Find GENE
Find GENE
Find GENE
Find GENE
Find GENE
Find GENE
Find GENE
Find GENE
Find GENE
Find GENE
Find GENE
Find GENE
Find GENE
Find GENE
Find GENE
Find GENE
Find GENE
Find GENE
Find GENE
Find GENE
Find GENE
Find GENE
Find GENE
Find GENE
Find GENE
Find GENE
Find GENE
Find GENE
Find GENE
Find GENE
Find GENE
Find GENE
Find GENE
Find GENE
Find GENE
Find GENE
Find GENE
Find GENE
Find GENE
Find GENE
Find GENE
Find GENE
Find GENE
Find GENE
Find GENE
Find GENE
Find GENE
Find GENE
Find GENE
Find GENE
Find GENE
Find GENE
Find GENE
Find GENE
Find GENE
Find GENE
Find GENE
Find GENE
Find GENE
Find GENE
Find GENE
Find GENE
Find GENE
Find GENE
Find GENE
Find GENE
Find GENE
Find GENE
Find GENE
Find GENE
Find GENE
Find GENE
Find GENE
Find GENE
Find GENE
Find GENE
Find GENE
Find GENE
Find GENE
Find GENE
Find GENE
Find GENE
Find GENE
Find GENE
Find GENE
Find GENE
Find GENE
Find GENE
Find GENE
Find GENE
Find GENE
Find GENE
FFind GENE
Find GENE
Find GENE
Find GENE
Find GENE
Find GENE
Find GENE
Find GENE
[]
[u'C00588']
[u'C00788', u'C00788', u'C00788']
[]
[]
[]
[u'C02727']
Find GENE
Find GENE
[]
[u'C03793']
Find GENE
Find GENE
[]
[u'C05659']
Find GENE
Find GENE
[u'C05635', u'C05635']
Find GENE
Find GENE
Find GENE
[u'C00021']
[u'C03752']
Find GENE
Find GENE
[]
[u'C00355', u'C00355', u'C00355', u'C00355', u'C00355', u'C00355', u'C00355']
[]
[u'C00019', u'C00019', u'C00019']
[]
[]
[]
[]
[u'C00078', u'C00078', u'C00078', u'C00078', u'C00078', u'C00078', u'C00078', u'C00078']
Find GENE
Find GENE
Find GENE
Find GENE
Find GENE
Find GENE
Find GENE
Find GENE
Find GENE
[]
[u'C05660']
Find GENE
Find GENE
[u'C00328', u'C00328']
Find GENE
Find GENE
Find GENE
[]
[u'C01909']
[u'C05341']
[]
[u'C01118', u'C01118']
[]
[u'C00643', u'C00643']
Find GENE
Find GENE
Find GENE
[]
[u'C00140', u'C00140']
Find GENE
Find GENE
Find GENE
[u'C02291', u'C02291']
Find GENE
Find GENE
Find GENE
[]
[u'C00881']
[]
[u'C01598', u'C01598', u'C01598']
Find GENE
Find GENE
Find GENE
Find GENE
[]
[]
[u'C00491', u'C00491', u'C00491']
[u'C01262', u'C01262']
Find GENE
Find GENE
Find GENE
[u'C00884']
[]
[u'C00214']
[u'C00475']
[u'C00299']
[]
[u'C04137', u'C04137']
[u'C00647', u'C00647']
[u'C00669']
Find GENE
Find GENE
[]
[]
[u'C05512']
Find GENE
Find GENE
[]
[u'C04874']
[u'C00670', u'C00670']
[u'C00378', u'C00378', u'C00378', u'C00378']
[]
[u'C00330']
Find GENE
Find GENE
[u'C00212', u'C00212', u'C00212', u'C00212', u'C00212']
Find GENE
Find GENE
Find GENE
Find GENE
Find GENE
Find GENE
[u'C01817']
[u'C00294']
Find GENE
Find GENE
[]
[u'C00449', u'C00449']
Find GENE
Find GENE
Find GENE
[]
[u'C00387']
Find GENE
Find GENE
[u'C01762', u'C01762']
Find GENE
Find GENE
Find GENE
[]
[u'C03406', u'C03406']
[u'C00170']
[u'C00127', u'C00127']
Find GENE
Find GENE
Find GENE
[]
[u'C02515', u'C02515']
[u'C00051', u'C00051', u'C00051', u'C00051', u'C00051']
Find GENE
Find GENE
Find GENE
Find GENE
Find GENE
Find GENE
[]
[u'C04677', u'C04677', u'C04677']
Find GENE
Find GENE
Find GENE
Find GENE
[u'C01081']
[]
[u'C03958']
[u'C00255', u'C00255']
[u'C03451']
Find GENE
Find GENE
[]
[u'C01060', u'C01060']
[u'C00440']
[u'C02465', u'C02465', u'C02465', u'C02465', u'C02465']
Find GENE
Find GENE
Find GENE
Find GENE
Find GENE
Find GENE
Find GENE
Find GENE
Find GENE
Find GENE
Find GENE
Find GENE
Find GENE
Find GENE
Find GENE
Find GENE
Find GENE
Find GENE
Find GENE
Find GENE
Find GENE
Find GENE
Find GENE
Find GENE
Find GENE
Find GENE
Find GENE
Find GENE
Find GENE
Find GENE
Find GENE
Find GENE
Find GENE
Find GENE
Find GENE
Find GENE
Find GENE
Find GENE
Find GENE
Find GENE
Find GENE
Find GENE
Find GENE
Find GENE
Find GENE
Find GENE
Find GENE
Find GENE
Find GENE
Find GENE
Find GENE
Find GENE
Find GENE
Find GENE
Find GENE
Find GENE
Find GENE
Find GENE
Find GENE
Find GENE
Find GENE
Find GENE
Find GENE
Find GENE
Find GENE
Find GENE
Find GENE
Find GENE
Find GENE
Find GENE
Find GENE
Find GENE
Find GENE
Find GENE
Find GENE
Find GENE
Find GENE
Find GENE
Find GENE
Find GENE
Find GENE
Find GENE
Find GENE
Find GENE
Find GENE
Find GENE
Find GENE
Find GENE
Find GENE
Find GENE
Find GENE
Find GENE
Find GENE
Find GENE
Find GENE
Find GENE
Find GENE
Find GENE
Find GENE
Find GENE
Find GENE
Find GENE
Find GENE
Find GENE
Find GENE
Find GENE
Find GENE
Find GENE
Find GENE
Find GENE
Find GENE
Find GENE
Find GENE
Find GENE
Find GENE
Find GENE
Find GENE
Find GENE
Find GENE
Find GENE
Find GENE
Find GENE
Find GENE
Find GENE
Find GENE
Find GENE
Find GENE
Find GENE
Find GENE
Find GENE
Find GENE
Find GENE
Find GENE
Find GENE
Find GENE
Find GENE
Find GENE
Find GENE
Find GENE
Find GENE
Find GENE
Find GENE
Find GENE
Find GENE
Find GENE
Find GENE
Find GENE
Find GENE
Find GENE
Find GENE
Find GENE
Find GENE
Find GENE
Find GENE
Find GENE
Find GENE
Find GENE
Find GENE
Find GENE
Find GENE
Find GENE
Find GENE
Find GENE
Find GENE
Find GENE
Find GENE
Find GENE
Find GENE
Find GENE
Find GENE
Find GENE
Find GENE
Find GENE
Find GENE
Find GENE
Find GENE
Find GENE
Find GENE
Find GENE
Find GENE
Find GENE
Find GENE
Find GENE
Find GENE
Find GENE
Find GENE
Find GENE
Find GENE
Fdraw_nx.py:274: UnicodeWarning: Unicode equal comparison failed to convert both arguments to Unicode - interpreting them as being unequal
  tmp = get_compounds_from_gene2.get_compound(x[5:13])
draw_nx.py:75: UnicodeWarning: Unicode equal comparison failed to convert both arguments to Unicode - interpreting them as being unequal
  if id == x[0]:
draw_nx.py:275: UnicodeWarning: Unicode equal comparison failed to convert both arguments to Unicode - interpreting them as being unequal
  for y in tmp:
draw_nx.py:75: UnicodeWarning: Unicode equal comparison failed to convert both arguments to Unicode - interpreting them as being unequal
  if id == x[0]:
draw_nx.py:274: UnicodeWarning: Unicode equal comparison failed to convert both arguments to Unicode - interpreting them as being unequal
  tmp = get_compounds_from_gene2.get_compound(x[5:13])
draw_nx.py:75: UnicodeWarning: Unicode equal comparison failed to convert both arguments to Unicode - interpreting them as being unequal
  if id == x[0]:
draw_nx.py:274: UnicodeWarning: Unicode equal comparison failed to convert both arguments to Unicode - interpreting them as being unequal
  tmp = get_compounds_from_gene2.get_compound(x[5:13])
draw_nx.py:75: UnicodeWarning: Unicode equal comparison failed to convert both arguments to Unicode - interpreting them as being unequal
  if id == x[0]:
TE
[u'C02515', u'C02515']
WRITE
WRITE
WRITE
WRITE
[u'C00051', u'C00051', u'C00051', u'C00051', u'C00051']
WRITE
WRITE
WRITE
WRITE
Find GENE
Find GENE
Find GENE
Find GENE
Find GENE
Find GENE
[]
WRITE
WRITE
WRITE
WRITE
[u'C04677', u'C04677', u'C04677']
WRITE
WRITE
WRITE
WRITE
Find GENE
Find GENE
Find GENE
Find GENE
[u'C01081']
WRITE
WRITE
WRITE
WRITE
[]
WRITE
WRITE
WRITE
WRITE
[u'C03958']
WRITE
WRITE
WRITE
WRITE
[u'C00255', u'C00255']
WRITE
WRITE
WRITE
WRITE
[u'C03451']
WRITE
WRITE
WRITE
WRITE
Find GENE
Find GENE
[]
WRITE
WRITE
WRITE
WRITE
[u'C01060', u'C01060']
WRITE
WRITE
WRITE
WRITE
WRITE
[u'C00440']
WRITE
WRITE
WRITE
WRITE
[u'C02465', u'C02465', u'C02465', u'C02465', u'C02465']
WRITE
WRITE
WRITE
WRITE
WRITE
WRITE
Find GENE
Find GENE
Find GENE
Find GENE
Find GENE
Find GENE
Find GENE
Find GENE
Find GENE
Find GENE
Find GENE
Find GENE
Find GENE
Find GENE
Find GENE
Find GENE
Find GENE
Find GENE
Find GENE
Find GENE
Find GENE
Find GENE
Find GENE
Find GENE
Find GENE
Find GENE
Find GENE
Find GENE
Find GENE
Find GENE
Find GENE
Find GENE
Find GENE
Find GENE
Find GENE
Find GENE
Find GENE
Find GENE
Find GENE
Find GENE
Find GENE
Find GENE
Find GENE
Find GENE
Find GENE
Find GENE
Find GENE
Find GENE
Find GENE
Find GENE
Find GENE
Find GENE
Find GENE
Find GENE
Find GENE
Find GENE
Find GENE
Find GENE
Find GENE
Find GENE
Find GENE
Find GENE
Find GENE
Find GENE
Find GENE
Find GENE
Find GENE
Find GENE
Find GENE
Find GENE
Find GENE
Find GENE
Find GENE
Find GENE
Find GENE
Find GENE
Find GENE
Find GENE
Find GENE
Find GENE
Find GENE
Find GENE
Find GENE
Find GENE
Find GENE
Find GENE
Find GENE
Find GENE
Find GENE
Find GENE
Find GENE
Find GENE
Find GENE
Find GENE
Find GENE
Find GENE
Find GENE
Find GENE
Find GENE
Find GENE
Find GENE
Find GENE
Find GENE
Find GENE
Find GENE
Find GENE
Find GENE
Find GENE
Find GENE
Find GENE
Find GENE
Find GENE
Find GENE
Find GENE
Find GENE
Find GENE
Find GENE
Find GENE
Find GENE
Find GENE
Find GENE
Find GENE
Find GENE
Find GENE
Find GENE
Find GENE
Find GENE
Find GENE
Find GENE
Find GENE
Find GENE
Find GENE
Find GENE
Find GENE
Find GENE
Find GENE
Find GENE
Find GENE
Find GENE
Find GENE
Find GENE
Find GENE
Find GENE
Find GENE
Find GENE
Find GENE
Find GENE
Find GENE
Find GENE
Find GENE
Find GENE
Find GENE
Find GENE
Find GENE
Find GENE
Find GENE
Find GENE
Find GENE
Find GENE
Find GENE
Find GENE
Find GENE
Find GENE
Find GENE
Find GENE
Find GENE
Find GENE
Find GENE
Find GENE
Find GENE
Find GENE
Find GENE
Find GENE
Find GENE
Find GENE
Find GENE
Find GENE
Find GENE
Find GENE
Find GENE
Find GENE
Find GENE
Find GENE
Find GENE
Find GENE
Find GENE
Find GENE
Find GENE
Find GENE
Find GENE
Find GENE
Find GENE
Find GENE
Find GENE
Find GENE
Find GENE
Find GENE
Find GENE
Find GENE
Find GENE
Find GENE
Find GENE
Find GENE
Find GENE
Find GENE
Find GENE
Find GENE
Find GENE
Find GENE
Find GENE
Find GENE
Find GENE
Find GENE
Find GENE
Find GENE
Find GENE
Find GENE
Find GENE
Find GENE
Find GENE
Find GENE
Find GENE
Find GENE
Find GENE
Find GENE
Find GENE
Find GENE
Find GENE
Find GENE
Find GENE
Find GENE
Find GENE
Find GENE
Find GENE
Find GENE
Find GENE
Find GENE
Find GENE
Find GENE
Find GENE
Find GENE
Find GENE
Find GENE
Find GENE
Find GENE
Find GENE
Find GENE
Find GENE
Find GENE
Find GENE
Find GENE
Find GENE
Find GENE
Find GENE
Find GENE
Find GENE
Find GENE
Find GENE
Find GENE
Find GENE
Find GENE
Find GENE
Find GENE
Find GENE
Find GENE
Find GENE
Find GENE
Find GENE
Find GENE
Find GENE
Find GENE
Find GENE
Find GENE
Find GENE
Find GENE
Find GENE
Find GENE
Find GENE
Find GENE
Find GENE
Find GENE
Find GENE
Find GENE
Find GENE
Find GENE
Find GENE
Find GENE
Find GENE
Find GENE
Find GENE
Find GENE
Find GENE
Find GENE
Find GENE
Find GENE
Find GENE
Find GENE
Find GENE
Find GENE
Find GENE
Find GENE
Find GENE
Find GENE
Find GENE
Find GENE
Find GENE
Find GENE
Find GENE
Find GENE
Find GENE
Find GENE
Find GENE
Find GENE
Find GENE
Find GENE
Find GENE
Find GENE
Find GENE
Find GENE
Find GENE
Find GENE
Find GENE
Find GENE
Find GENE
Find GENE
Find GENE
Find GENE
Find GENE
Find GENE
Find GENE
Find GENE
Find GENE
Find GENE
Find GENE
Find GENE
Find GENE
Find GENE
Find GENE
Find GENE
Find GENE
Find GENE
Find GENE
Find GENE
Find GENE
Find GENE
Find GENE
Find GENE
Find GENE
Find GENE
Find GENE
Find GENE
Find GENE
Find GENE
Find GENE
Find GENE
Find GENE
Find GENE
Find GENE
Find GENE
Find GENE
Find GENE
Find GENE
Find GENE
Find GENE
Find GENE
Find GENE
Find GENE
Find GENE
Find GENE
Find GENE
Find GENE
Find GENE
Find GENE
Find GENE
Find GENE
Find GENE
Find GENE
Find GENE
Find GENE
Find GENE
Find GENE
Find GENE
Find GENE
Find GENE
Find GENE
Find GENE
Find GENE
Find GENE
Find GENE
Find GENE
Find GENE
Find GENE
Find GENE
Find GENE
Find GENE
Find GENE
Find GENE
Find GENE
Find GENE
Find GENE
Find GENE
Find GENE
Find GENE
Find GENE
Find GENE
Find GENE
Find GENE
Find GENE
Find GENE
Find GENE
Find GENE
Find GENE
Find GENE
Find GENE
Find GENE
Find GENE
Find GENE
Find GENE
Find GENE
Find GENE
Find GENE
Find GENE
Find GENE
Find GENE
Find GENE
Find GENE
Find GENE
Find GENE
Find GENE
Find GENE
Find GENE
Find GENE
Find GENE
Find GENE
Find GENE
Find GENE
Find GENE
Find GENE
Find GENE
Find GENE
Find GENE
Find GENE
Find GENE
Find GENE
Find GENE
Find GENE
Find GENE
Find GENE
Find GENE
Find GENE
Find GENE
Find GENE
Find GENE
Find GENE
Find GENE
Find GENE
Find GENE
Find GENE
Find GENE
Find GENE
Find GENE
Find GENE
Find GENE
Find GENE
Find GENE
Find GENE
Find GENE
Find GENE
Find GENE
Find GENE
Find GENE
Find GENE
Find GENE
Find GENE
Find GENE
Find GENE
Find GENE
Find GENE
Find GENE
Find GENE
Find GENE
Find GENE
Find GENE
Find GENE
Find GENE
Find GENE
Find GENE
Find GENE
Find GENE
Find GENE
Find GENE
Find GENE
Find GENE
Find GENE
Find GENE
ind GENE
Find GENE
Find GENE
Find GENE
Find GENE
Find GENE
Find GENE
Find GENE
Find GENE
Find GENE
Find GENE
Find GENE
Find GENE
Find GENE
Find GENE
Find GENE
Find GENE
Find GENE
Find GENE
Find GENE
Find GENE
Find GENE
Find GENE
Find GENE
Find GENE
Find GENE
Find GENE
Find GENE
Find GENE
Find GENE
Find GENE
Find GENE
Find GENE
Find GENE
Find GENE
Find GENE
Find GENE
Find GENE
Find GENE
Find GENE
Find GENE
Find GENE
Find GENE
Find GENE
Find GENE
Find GENE
Find GENE
Find GENE
Find GENE
Find GENE
Find GENE
Find GENE
Find GENE
Find GENE
Find GENE
Find GENE
Find GENE
Find GENE
Find GENE
Find GENE
Find GENE
Find GENE
Find GENE
Find GENE
Find GENE
Find GENE
Find GENE
Find GENE
Find GENE
Find GENE
Find GENE
Find GENE
Find GENE
Find GENE
Find GENE
Find GENE
Find GENE
Find GENE
Find GENE
Find GENE
Find GENE
Find GENE
Find GENE
Find GENE
Find GENE
Find GENE
Find GENE
Find GENE
Find GENE
Find GENE
Find GENE
Find GENE
Find GENE
Find GENE
Find GENE
Find GENE
Find GENE
Find GENE
Find GENE
Find GENE
Find GENE
Find GENE
Find GENE
Find GENE
Find GENE
Find GENE
Find GENE
Find GENE
Find GENE
Find GENE
Find GENE
Find GENE
Find GENE
Find GENE
Find GENE
Find GENE
Find GENE
Find GENE
Find GENE
Find GENE
Find GENE
Find GENE
Find GENE
Find GENE
Find GENE
Find GENE
Find GENE
Find GENE
Find GENE
Find GENE
Find GENE
Find GENE
Find GENE
Find GENE
Find GENE
Find GENE
Find GENE
Find GENE
Find GENE
Find GENE
Find GENE
Find GENE
Find GENE
Find GENE
Find GENE
Find GENE
Find GENE
Find GENE
Find GENE
Find GENE
Find GENE
Find GENE
Find GENE
Find GENE
Find GENE
Find GENE
Find GENE
Find GENE
Find GENE
Find GENE
Find GENE
Find GENE
Find GENE
Find GENE
Find GENE
Find GENE
Find GENE
Find GENE
Find GENE
Find GENE
Find GENE
Find GENE
Find GENE
Find GENE
Find GENE
Find GENE
Find GENE
Find GENE
Find GENE
Find GENE
Find GENE
Find GENE
Find GENE
Find GENE
Find GENE
Find GENE
Find GENE
Find GENE
Find GENE
Find GENE
Find GENE
Find GENE
Find GENE
Find GENE
Find GENE
Find GENE
Find GENE
Find GENE
Find GENE
Find GENE
Find GENE
Find GENE
Find GENE
Find GENE
Find GENE
Find GENE
Find GENE
Find GENE
Find GENE
Find GENE
Find GENE
Find GENE
Find GENE
Find GENE
Find GENE
Find GENE
Find GENE
Find GENE
Find GENE
Find GENE
Find GENE
Find GENE
Find GENE
Find GENE
Find GENE
Find GENE
Find GENE
Find GENE
Find GENE
Find GENE
Find GENE
Find GENE
Find GENE
Find GENE
Find GENE
Find GENE
Find GENE
Find GENE
Find GENE
Find GENE
Find GENE
Find GENE
Find GENE
Find GENE
Find GENE
Find GENE
Find GENE
Find GENE
Find GENE
Find GENE
Find GENE
Find GENE
Find GENE
Find GENE
Find GENE
Find GENE
Find GENE
Find GENE
Find GENE
Find GENE
Find GENE
Find GENE
Find GENE
Find GENE
Find GENE
Find GENE
Find GENE
Find GENE
Find GENE
Find GENE
Find GENE
Find GENE
Find GENE
Find GENE
Find GENE
Find GENE
Find GENE
Find GENE
Find GENE
Find GENE
Find GENE
Find GENE
Find GENE
Find GENE
Find GENE
Find GENE
Find GENE
Find GENE
Find GENE
Find GENE
Find GENE
Find GENE
Find GENE
Find GENE
Find GENE
Find GENE
Find GENE
Find GENE
Find GENE
Find GENE
Find GENE
Find GENE
Find GENE
Find GENE
Find GENE
Find GENE
Find GENE
ind GENE
Find GENE
Find GENE
Find GENE
Find GENE
Find GENE
Find GENE
Find GENE
Find GENE
Find GENE
Find GENE
Find GENE
Find GENE
Find GENE
Find GENE
Find GENE
Find GENE
Find GENE
Find GENE
Find GENE
Find GENE
Find GENE
Find GENE
Find GENE
Find GENE
Find GENE
Find GENE
Find GENE
Find GENE
Find GENE
Find GENE
Find GENE
Find GENE
Find GENE
Find GENE
Find GENE
Find GENE
Find GENE
Find GENE
Find GENE
Find GENE
Find GENE
Find GENE
Find GENE
Find GENE
Find GENE
Find GENE
Find GENE
Find GENE
Find GENE
Find GENE
Find GENE
Find GENE
Find GENE
Find GENE
Find GENE
Find GENE
Find GENE
Find GENE
Find GENE
Find GENE
Find GENE
Find GENE
Find GENE
Find GENE
Find GENE
Find GENE
Find GENE
Find GENE
Find GENE
Find GENE
Find GENE
Find GENE
Find GENE
Find GENE
Find GENE
Find GENE
Find GENE
Find GENE
Find GENE
Find GENE
Find GENE
Find GENE
Find GENE
Find GENE
Find GENE
Find GENE
Find GENE
Find GENE
Find GENE
Find GENE
Find GENE
Find GENE
Find GENE
Find GENE
Find GENE
Find GENE
Find GENE
Find GENE
Find GENE
Find GENE
Find GENE
Find GENE
Find GENE
Find GENE
Find GENE
Find GENE
Find GENE
Find GENE
Find GENE
Find GENE
Find GENE
Find GENE
Find GENE
Find GENE
Find GENE
Find GENE
Find GENE
Find GENE
Find GENE
Find GENE
Find GENE
Find GENE
Find GENE
Find GENE
Find GENE
Find GENE
Find GENE
Find GENE
Find GENE
Find GENE
Find GENE
Find GENE
Find GENE
Find GENE
Find GENE
Find GENE
Find GENE
Find GENE
Find GENE
Find GENE
Find GENE
Find GENE
Find GENE
Find GENE
Find GENE
Find GENE
Find GENE
Find GENE
Find GENE
Find GENE
Find GENE
Find GENE
Find GENE
Find GENE
Find GENE
Find GENE
Find GENE
Find GENE
Find GENE
Find GENE
Find GENE
Find GENE
Find GENE
Find GENE
Find GENE
Find GENE
Find GENE
Find GENE
Find GENE
Find GENE
Find GENE
Find GENE
Find GENE
Find GENE
Find GENE
Find GENE
Find GENE
Find GENE
Find GENE
Find GENE
Find GENE
Find GENE
Find GENE
Find GENE
Find GENE
Find GENE
Find GENE
Find GENE
Find GENE
Find GENE
Find GENE
Find GENE
Find GENE
Find GENE
Find GENE
Find GENE
Find GENE
Find GENE
Find GENE
Find GENE
Find GENE
Find GENE
Find GENE
Find GENE
Find GENE
Find GENE
Find GENE
Find GENE
Find GENE
Find GENE
Find GENE
Find GENE
Find GENE
Find GENE
Find GENE
Find GENE
Find GENE
Find GENE
Find GENE
Find GENE
Find GENE
Find GENE
Find GENE
Find GENE
Find GENE
Find GENE
Find GENE
Find GENE
Find GENE
Find GENE
Find GENE
Find GENE
Find GENE
Find GENE
Find GENE
Find GENE
Find GENE
Find GENE
Find GENE
Find GENE
Find GENE
Find GENE
Find GENE
Find GENE
Find GENE
Find GENE
Find GENE
Find GENE
Find GENE
Find GENE
Find GENE
Find GENE
Find GENE
Find GENE
Find GENE
Find GENE
Find GENE
Find GENE
Find GENE
Find GENE
Find GENE
Find GENE
Find GENE
Find GENE
Find GENE
Find GENE
Find GENE
Find GENE
Find GENE
Find GENE
Find GENE
Find GENE
Find GENE
Find GENE
Find GENE
Find GENE
Find GENE
Find GENE
Find GENE
Find GENE
Find GENE
Find GENE
Find GENE
Find GENE
Find GENE
Find GENE
Find GENE
Find GENE
Find GENE
Find GENE
Find GENE
Find GENE
Find GENE
Find GENE
Find GENE
Find GENE
Find GENE
Find GENE
Find GENE
Find GENE
Find GENE
Find GENE
Find GENE
Find GENE
Find GENE
ind GENE
Find GENE
Find GENE
Find GENE
Find GENE
Find GENE
Find GENE
Find GENE
Find GENE
Find GENE
Find GENE
Find GENE
Find GENE
Find GENE
Find GENE
Find GENE
Find GENE
Find GENE
Find GENE
Find GENE
Find GENE
Find GENE
Find GENE
Find GENE
Find GENE
Find GENE
Find GENE
Find GENE
Find GENE
Find GENE
Find GENE
Find GENE
Find GENE
Find GENE
Find GENE
Find GENE
Find GENE
Find GENE
Find GENE
Find GENE
Find GENE
Find GENE
Find GENE
Find GENE
Find GENE
Find GENE
Find GENE
Find GENE
Find GENE
Find GENE
Find GENE
Find GENE
Find GENE
Find GENE
Find GENE
Find GENE
Find GENE
Find GENE
Find GENE
Find GENE
Find GENE
Find GENE
Find GENE
Find GENE
Find GENE
Find GENE
Find GENE
Find GENE
Find GENE
Find GENE
Find GENE
Find GENE
Find GENE
Find GENE
Find GENE
Find GENE
Find GENE
Find GENE
Find GENE
Find GENE
Find GENE
Find GENE
Find GENE
Find GENE
Find GENE
Find GENE
Find GENE
Find GENE
Find GENE
Find GENE
Find GENE
Find GENE
Find GENE
Find GENE
Find GENE
Find GENE
Find GENE
Find GENE
Find GENE
Find GENE
Find GENE
Find GENE
Find GENE
Find GENE
Find GENE
Find GENE
Find GENE
Find GENE
Find GENE
Find GENE
Find GENE
Find GENE
Find GENE
Find GENE
Find GENE
Find GENE
Find GENE
Find GENE
Find GENE
Find GENE
Find GENE
Find GENE
Find GENE
Find GENE
Find GENE
Find GENE
Find GENE
Find GENE
Find GENE
Find GENE
Find GENE
Find GENE
Find GENE
Find GENE
Find GENE
Find GENE
Find GENE
Find GENE
Find GENE
Find GENE
Find GENE
Find GENE
Find GENE
Find GENE
Find GENE
Find GENE
Find GENE
Find GENE
Find GENE
Find GENE
Find GENE
Find GENE
Find GENE
Find GENE
Find GENE
Find GENE
Find GENE
Find GENE
Find GENE
Find GENE
Find GENE
Find GENE
Find GENE
Find GENE
Find GENE
Find GENE
Find GENE
Find GENE
Find GENE
Find GENE
Find GENE
Find GENE
Find GENE
Find GENE
Find GENE
Find GENE
Find GENE
Find GENE
Find GENE
Find GENE
Find GENE
Find GENE
Find GENE
Find GENE
Find GENE
Find GENE
Find GENE
Find GENE
Find GENE
Find GENE
Find GENE
Find GENE
Find GENE
Find GENE
Find GENE
Find GENE
Find GENE
Find GENE
Find GENE
Find GENE
Find GENE
Find GENE
Find GENE
Find GENE
Find GENE
Find GENE
Find GENE
Find GENE
Find GENE
Find GENE
Find GENE
Find GENE
Find GENE
Find GENE
Find GENE
Find GENE
Find GENE
Find GENE
Find GENE
Find GENE
Find GENE
Find GENE
Find GENE
Find GENE
Find GENE
Find GENE
Find GENE
Find GENE
Find GENE
Find GENE
Find GENE
Find GENE
Find GENE
Find GENE
Find GENE
Find GENE
Find GENE
Find GENE
Find GENE
Find GENE
Find GENE
Find GENE
Find GENE
Find GENE
Find GENE
Find GENE
Find GENE
Find GENE
Find GENE
Find GENE
Find GENE
Find GENE
Find GENE
Find GENE
Find GENE
Find GENE
Find GENE
Find GENE
Find GENE
Find GENE
Find GENE
Find GENE
Find GENE
Find GENE
Find GENE
Find GENE
Find GENE
Find GENE
Find GENE
Find GENE
Find GENE
Find GENE
Find GENE
Find GENE
Find GENE
Find GENE
Find GENE
Find GENE
Find GENE
Find GENE
Find GENE
Find GENE
Find GENE
Find GENE
Find GENE
Find GENE
Find GENE
Find GENE
Find GENE
Find GENE
Find GENE
Find GENE
Find GENE
Find GENE
Find GENE
Find GENE
Find GENE
Find GENE
Find GENE
Find GENE
Find GENE
Find GENE
Find GENE
Find GENE
Find GENE
Find GENE
Find GENE
